#
# There is insufficient memory for the Java Runtime Environment to continue.
# Native memory allocation (malloc) failed to allocate 32744 bytes for ChunkPool::allocate
# Possible reasons:
#   The system is out of physical RAM or swap space
#   The process is running with CompressedOops enabled, and the Java Heap may be blocking the growth of the native heap
# Possible solutions:
#   Reduce memory load on the system
#   Increase physical memory or swap space
#   Check if swap backing store is full
#   Decrease Java heap size (-Xmx/-Xms)
#   Decrease number of Java threads
#   Decrease Java thread stack sizes (-Xss)
#   Set larger code cache with -XX:ReservedCodeCacheSize=
#   JVM is running with Zero Based Compressed Oops mode in which the Java heap is
#     placed in the first 32GB address space. The Java Heap base address is the
#     maximum limit for the native heap growth. Please use -XX:HeapBaseMinAddress
#     to set the Java Heap base and to place the Java Heap above 32GB virtual address.
# This output file may be truncated or incomplete.
#
#  Out of Memory Error (allocation.cpp:272), pid=23072, tid=0x0000000000001ba8
#
# JRE version: Java(TM) SE Runtime Environment (8.0_231-b11) (build 1.8.0_231-b11)
# Java VM: Java HotSpot(TM) 64-Bit Server VM (25.231-b11 mixed mode windows-amd64 compressed oops)
# Failed to write core dump. Minidumps are not enabled by default on client versions of Windows
#

---------------  T H R E A D  ---------------

Current thread (0x00000000205cb000):  JavaThread "C1 CompilerThread3" daemon [_thread_in_native, id=7080, stack(0x0000000021650000,0x0000000021750000)]

Stack: [0x0000000021650000,0x0000000021750000]
[error occurred during error reporting (printing stack bounds), id 0xc0000005]

Native frames: (J=compiled Java code, j=interpreted, Vv=VM code, C=native code)


Current CompileTask:
C1:  10526 6014       1       org.springframework.asm.ClassReader::readCode (5085 bytes)


---------------  P R O C E S S  ---------------

Java Threads: ( => current thread )
  0x000000002525c000 JavaThread "container-0" [_thread_blocked, id=1472, stack(0x00000000261a0000,0x00000000262a0000)]
  0x00000000252a6800 JavaThread "Catalina-utility-2" [_thread_blocked, id=12500, stack(0x00000000260a0000,0x00000000261a0000)]
  0x0000000025259800 JavaThread "Catalina-utility-1" [_thread_blocked, id=10756, stack(0x0000000025fa0000,0x00000000260a0000)]
  0x00000000211ec000 JavaThread "Abandoned connection cleanup thread" daemon [_thread_blocked, id=25932, stack(0x00000000245d0000,0x00000000246d0000)]
  0x0000000020bc1000 JavaThread "restartedMain" [_thread_in_vm, id=30268, stack(0x0000000022000000,0x0000000022100000)]
  0x0000000020bbf000 JavaThread "RMI Scheduler(0)" daemon [_thread_blocked, id=3268, stack(0x0000000021f00000,0x0000000022000000)]
  0x0000000020bc0800 JavaThread "Thread-1" [_thread_blocked, id=21156, stack(0x0000000021e00000,0x0000000021f00000)]
  0x0000000020b98800 JavaThread "RMI TCP Connection(1)-192.168.244.1" daemon [_thread_in_native, id=20600, stack(0x0000000021d00000,0x0000000021e00000)]
  0x00000000208ed000 JavaThread "RMI TCP Accept-0" daemon [_thread_in_native, id=25396, stack(0x0000000021850000,0x0000000021950000)]
  0x000000002066c800 JavaThread "Service Thread" daemon [_thread_blocked, id=17172, stack(0x0000000021750000,0x0000000021850000)]
=>0x00000000205cb000 JavaThread "C1 CompilerThread3" daemon [_thread_in_native, id=7080, stack(0x0000000021650000,0x0000000021750000)]
  0x00000000205ca800 JavaThread "C2 CompilerThread2" daemon [_thread_blocked, id=28476, stack(0x0000000021550000,0x0000000021650000)]
  0x00000000205b7800 JavaThread "C2 CompilerThread1" daemon [_thread_blocked, id=10012, stack(0x0000000021450000,0x0000000021550000)]
  0x00000000205b6800 JavaThread "C2 CompilerThread0" daemon [_thread_blocked, id=9504, stack(0x0000000021350000,0x0000000021450000)]
  0x000000001f13e000 JavaThread "JDWP Command Reader" daemon [_thread_in_native, id=21016, stack(0x000000001fa80000,0x000000001fb80000)]
  0x000000001f13d000 JavaThread "JDWP Event Helper Thread" daemon [_thread_blocked, id=27132, stack(0x000000001f980000,0x000000001fa80000)]
  0x000000001f133000 JavaThread "JDWP Transport Listener: dt_socket" daemon [_thread_blocked, id=31084, stack(0x000000001f880000,0x000000001f980000)]
  0x000000001f0ca800 JavaThread "Attach Listener" daemon [_thread_blocked, id=7788, stack(0x000000001f780000,0x000000001f880000)]
  0x000000001f124800 JavaThread "Signal Dispatcher" daemon [_thread_blocked, id=11096, stack(0x000000001f680000,0x000000001f780000)]
  0x000000001d2bc000 JavaThread "Finalizer" daemon [_thread_blocked, id=1832, stack(0x000000001f580000,0x000000001f680000)]
  0x000000001f0a0800 JavaThread "Reference Handler" daemon [_thread_blocked, id=4676, stack(0x000000001f480000,0x000000001f580000)]
  0x00000000033ba000 JavaThread "main" [_thread_blocked, id=15988, stack(0x00000000034c0000,0x00000000035c0000)]

Other Threads:
  0x000000001d2ae800 VMThread [stack: 0x000000001ef80000,0x000000001f080000] [id=9416]
  0x00000000208f6000 WatcherThread [stack: 0x0000000021950000,0x0000000021a50000] [id=25368]

VM state:not at safepoint (normal execution)

VM Mutex/Monitor currently owned by a thread: None

heap address: 0x00000006c1c00000, size: 4068 MB, Compressed Oops mode: Zero based, Oop shift amount: 3
Narrow klass base: 0x0000000000000000, Narrow klass shift: 3
Compressed class space size: 1073741824 Address: 0x00000007c0000000

Heap:
 PSYoungGen      total 269824K, used 100063K [0x000000076b400000, 0x0000000780c80000, 0x00000007c0000000)
  eden space 257536K, 36% used [0x000000076b400000,0x0000000770fb8748,0x000000077af80000)
  from space 12288K, 49% used [0x0000000780080000,0x000000078067f610,0x0000000780c80000)
  to   space 9216K, 0% used [0x000000077af80000,0x000000077af80000,0x000000077b880000)
 ParOldGen       total 86528K, used 25221K [0x00000006c1c00000, 0x00000006c7080000, 0x000000076b400000)
  object space 86528K, 29% used [0x00000006c1c00000,0x00000006c34a1418,0x00000006c7080000)
 Metaspace       used 48614K, capacity 51270K, committed 51456K, reserved 1093632K
  class space    used 6422K, capacity 6906K, committed 6912K, reserved 1048576K

Card table byte_map: [0x0000000012c50000,0x0000000013450000] byte_map_base: 0x000000000f642000

Marking Bits: (ParMarkBitMap*) 0x0000000065f26d90
 Begin Bits: [0x00000000141a0000, 0x0000000018130000)
 End Bits:   [0x0000000018130000, 0x000000001c0c0000)

Polling page: 0x00000000012f0000

CodeCache: size=245760Kb used=12137Kb max_used=12137Kb free=233622Kb
 bounds [0x0000000003890000, 0x0000000004470000, 0x0000000012890000]
 total_blobs=6475 nmethods=5951 adapters=442
 compilation: enabled

Compilation events (10 events):
Event: 10.501 Thread 0x00000000205cb000 nmethod 6009 0x0000000004469c90 code [0x0000000004469e20, 0x000000000446a0e8]
Event: 10.501 Thread 0x00000000205cb000 6010       1       sun.reflect.generics.visitor.Reifier::visitSimpleClassTypeSignature (18 bytes)
Event: 10.502 Thread 0x00000000205cb000 nmethod 6010 0x000000000446a3d0 code [0x000000000446a560, 0x000000000446a7e8]
Event: 10.513 Thread 0x00000000205cb000 6011       1       org.springframework.core.LocalVariableTableParameterNameDiscoverer$LocalVariableTableVisitor::visitLocalVariable (45 bytes)
Event: 10.514 Thread 0x00000000205cb000 nmethod 6011 0x000000000446aa50 code [0x000000000446abc0, 0x000000000446add0]
Event: 10.514 Thread 0x00000000205cb000 6013       1       org.springframework.asm.ClassReader::readShort (27 bytes)
Event: 10.514 Thread 0x00000000205cb000 nmethod 6013 0x000000000446af90 code [0x000000000446b0e0, 0x000000000446b250]
Event: 10.514 Thread 0x00000000205cb000 6012       1       org.springframework.asm.ClassReader::createLabel (21 bytes)
Event: 10.514 Thread 0x00000000205cb000 nmethod 6012 0x000000000446b350 code [0x000000000446b4c0, 0x000000000446b770]
Event: 10.514 Thread 0x00000000205cb000 6014       1       org.springframework.asm.ClassReader::readCode (5085 bytes)

GC Heap History (10 events):
Event: 6.629 GC heap before
{Heap before GC invocations=10 (full 1):
 PSYoungGen      total 235520K, used 23960K [0x000000076b400000, 0x000000077c180000, 0x00000007c0000000)
  eden space 230400K, 8% used [0x000000076b400000,0x000000076c669600,0x0000000779500000)
  from space 5120K, 99% used [0x000000077bc80000,0x000000077c17cc40,0x000000077c180000)
  to   space 9216K, 0% used [0x000000077af80000,0x000000077af80000,0x000000077b880000)
 ParOldGen       total 86528K, used 15895K [0x00000006c1c00000, 0x00000006c7080000, 0x000000076b400000)
  object space 86528K, 18% used [0x00000006c1c00000,0x00000006c2b85f58,0x00000006c7080000)
 Metaspace       used 34108K, capacity 35362K, committed 35496K, reserved 1079296K
  class space    used 4508K, capacity 4797K, committed 4864K, reserved 1048576K
Event: 6.635 GC heap after
Heap after GC invocations=10 (full 1):
 PSYoungGen      total 266752K, used 5607K [0x000000076b400000, 0x0000000780c80000, 0x00000007c0000000)
  eden space 257536K, 0% used [0x000000076b400000,0x000000076b400000,0x000000077af80000)
  from space 9216K, 60% used [0x000000077af80000,0x000000077b4f9d00,0x000000077b880000)
  to   space 12288K, 0% used [0x0000000780080000,0x0000000780080000,0x0000000780c80000)
 ParOldGen       total 86528K, used 17224K [0x00000006c1c00000, 0x00000006c7080000, 0x000000076b400000)
  object space 86528K, 19% used [0x00000006c1c00000,0x00000006c2cd23e0,0x00000006c7080000)
 Metaspace       used 34108K, capacity 35362K, committed 35496K, reserved 1079296K
  class space    used 4508K, capacity 4797K, committed 4864K, reserved 1048576K
}
Event: 6.635 GC heap before
{Heap before GC invocations=11 (full 2):
 PSYoungGen      total 266752K, used 5607K [0x000000076b400000, 0x0000000780c80000, 0x00000007c0000000)
  eden space 257536K, 0% used [0x000000076b400000,0x000000076b400000,0x000000077af80000)
  from space 9216K, 60% used [0x000000077af80000,0x000000077b4f9d00,0x000000077b880000)
  to   space 12288K, 0% used [0x0000000780080000,0x0000000780080000,0x0000000780c80000)
 ParOldGen       total 86528K, used 17224K [0x00000006c1c00000, 0x00000006c7080000, 0x000000076b400000)
  object space 86528K, 19% used [0x00000006c1c00000,0x00000006c2cd23e0,0x00000006c7080000)
 Metaspace       used 34108K, capacity 35362K, committed 35496K, reserved 1079296K
  class space    used 4508K, capacity 4797K, committed 4864K, reserved 1048576K
Event: 6.684 GC heap after
Heap after GC invocations=11 (full 2):
 PSYoungGen      total 266752K, used 0K [0x000000076b400000, 0x0000000780c80000, 0x00000007c0000000)
  eden space 257536K, 0% used [0x000000076b400000,0x000000076b400000,0x000000077af80000)
  from space 9216K, 0% used [0x000000077af80000,0x000000077af80000,0x000000077b880000)
  to   space 12288K, 0% used [0x0000000780080000,0x0000000780080000,0x0000000780c80000)
 ParOldGen       total 86528K, used 15845K [0x00000006c1c00000, 0x00000006c7080000, 0x000000076b400000)
  object space 86528K, 18% used [0x00000006c1c00000,0x00000006c2b79578,0x00000006c7080000)
 Metaspace       used 34108K, capacity 35362K, committed 35496K, reserved 1079296K
  class space    used 4508K, capacity 4797K, committed 4864K, reserved 1048576K
}
Event: 7.814 GC heap before
{Heap before GC invocations=12 (full 2):
 PSYoungGen      total 266752K, used 257536K [0x000000076b400000, 0x0000000780c80000, 0x00000007c0000000)
  eden space 257536K, 100% used [0x000000076b400000,0x000000077af80000,0x000000077af80000)
  from space 9216K, 0% used [0x000000077af80000,0x000000077af80000,0x000000077b880000)
  to   space 12288K, 0% used [0x0000000780080000,0x0000000780080000,0x0000000780c80000)
 ParOldGen       total 86528K, used 15845K [0x00000006c1c00000, 0x00000006c7080000, 0x000000076b400000)
  object space 86528K, 18% used [0x00000006c1c00000,0x00000006c2b79578,0x00000006c7080000)
 Metaspace       used 39748K, capacity 41582K, committed 41728K, reserved 1085440K
  class space    used 5243K, capacity 5581K, committed 5632K, reserved 1048576K
Event: 7.823 GC heap after
Heap after GC invocations=12 (full 2):
 PSYoungGen      total 269824K, used 8845K [0x000000076b400000, 0x0000000780c80000, 0x00000007c0000000)
  eden space 257536K, 0% used [0x000000076b400000,0x000000076b400000,0x000000077af80000)
  from space 12288K, 71% used [0x0000000780080000,0x00000007809236f0,0x0000000780c80000)
  to   space 9216K, 0% used [0x000000077af80000,0x000000077af80000,0x000000077b880000)
 ParOldGen       total 86528K, used 15853K [0x00000006c1c00000, 0x00000006c7080000, 0x000000076b400000)
  object space 86528K, 18% used [0x00000006c1c00000,0x00000006c2b7b578,0x00000006c7080000)
 Metaspace       used 39748K, capacity 41582K, committed 41728K, reserved 1085440K
  class space    used 5243K, capacity 5581K, committed 5632K, reserved 1048576K
}
Event: 8.997 GC heap before
{Heap before GC invocations=13 (full 2):
 PSYoungGen      total 269824K, used 266381K [0x000000076b400000, 0x0000000780c80000, 0x00000007c0000000)
  eden space 257536K, 100% used [0x000000076b400000,0x000000077af80000,0x000000077af80000)
  from space 12288K, 71% used [0x0000000780080000,0x00000007809236f0,0x0000000780c80000)
  to   space 9216K, 0% used [0x000000077af80000,0x000000077af80000,0x000000077b880000)
 ParOldGen       total 86528K, used 15853K [0x00000006c1c00000, 0x00000006c7080000, 0x000000076b400000)
  object space 86528K, 18% used [0x00000006c1c00000,0x00000006c2b7b578,0x00000006c7080000)
 Metaspace       used 45079K, capacity 47196K, committed 47360K, reserved 1089536K
  class space    used 5963K, capacity 6380K, committed 6400K, reserved 1048576K
Event: 9.006 GC heap after
Heap after GC invocations=13 (full 2):
 PSYoungGen      total 266752K, used 9190K [0x000000076b400000, 0x0000000780c80000, 0x00000007c0000000)
  eden space 257536K, 0% used [0x000000076b400000,0x000000076b400000,0x000000077af80000)
  from space 9216K, 99% used [0x000000077af80000,0x000000077b879a08,0x000000077b880000)
  to   space 12288K, 0% used [0x0000000780080000,0x0000000780080000,0x0000000780c80000)
 ParOldGen       total 86528K, used 19982K [0x00000006c1c00000, 0x00000006c7080000, 0x000000076b400000)
  object space 86528K, 23% used [0x00000006c1c00000,0x00000006c2f83a80,0x00000006c7080000)
 Metaspace       used 45079K, capacity 47196K, committed 47360K, reserved 1089536K
  class space    used 5963K, capacity 6380K, committed 6400K, reserved 1048576K
}
Event: 9.926 GC heap before
{Heap before GC invocations=14 (full 2):
 PSYoungGen      total 266752K, used 266726K [0x000000076b400000, 0x0000000780c80000, 0x00000007c0000000)
  eden space 257536K, 100% used [0x000000076b400000,0x000000077af80000,0x000000077af80000)
  from space 9216K, 99% used [0x000000077af80000,0x000000077b879a08,0x000000077b880000)
  to   space 12288K, 0% used [0x0000000780080000,0x0000000780080000,0x0000000780c80000)
 ParOldGen       total 86528K, used 19982K [0x00000006c1c00000, 0x00000006c7080000, 0x000000076b400000)
  object space 86528K, 23% used [0x00000006c1c00000,0x00000006c2f83a80,0x00000006c7080000)
 Metaspace       used 46809K, capacity 49190K, committed 49408K, reserved 1091584K
  class space    used 6178K, capacity 6633K, committed 6656K, reserved 1048576K
Event: 9.933 GC heap after
Heap after GC invocations=14 (full 2):
 PSYoungGen      total 269824K, used 6141K [0x000000076b400000, 0x0000000780c80000, 0x00000007c0000000)
  eden space 257536K, 0% used [0x000000076b400000,0x000000076b400000,0x000000077af80000)
  from space 12288K, 49% used [0x0000000780080000,0x000000078067f610,0x0000000780c80000)
  to   space 9216K, 0% used [0x000000077af80000,0x000000077af80000,0x000000077b880000)
 ParOldGen       total 86528K, used 25221K [0x00000006c1c00000, 0x00000006c7080000, 0x000000076b400000)
  object space 86528K, 29% used [0x00000006c1c00000,0x00000006c34a1418,0x00000006c7080000)
 Metaspace       used 46809K, capacity 49190K, committed 49408K, reserved 1091584K
  class space    used 6178K, capacity 6633K, committed 6656K, reserved 1048576K
}

Deoptimization events (0 events):
No events

Classes redefined (0 events):
No events

Internal exceptions (10 events):
Event: 10.501 Thread 0x0000000020bc1000 Exception <a 'java/lang/ArrayIndexOutOfBoundsException'> (0x0000000770bcdde8) thrown at [C:\re\workspace\8-2-build-windows-amd64-cygwin\jdk8u231\13620\hotspot\src\share\vm\runtime\sharedRuntime.cpp, line 605]
Event: 10.501 Thread 0x0000000020bc1000 Exception <a 'java/lang/ArrayIndexOutOfBoundsException'> (0x0000000770bd5a68) thrown at [C:\re\workspace\8-2-build-windows-amd64-cygwin\jdk8u231\13620\hotspot\src\share\vm\runtime\sharedRuntime.cpp, line 605]
Event: 10.501 Thread 0x0000000020bc1000 Exception <a 'java/lang/ArrayIndexOutOfBoundsException'> (0x0000000770be0788) thrown at [C:\re\workspace\8-2-build-windows-amd64-cygwin\jdk8u231\13620\hotspot\src\share\vm\runtime\sharedRuntime.cpp, line 605]
Event: 10.501 Thread 0x0000000020bc1000 Exception <a 'java/lang/ArrayIndexOutOfBoundsException'> (0x0000000770bed688) thrown at [C:\re\workspace\8-2-build-windows-amd64-cygwin\jdk8u231\13620\hotspot\src\share\vm\runtime\sharedRuntime.cpp, line 605]
Event: 10.501 Thread 0x0000000020bc1000 Exception <a 'java/lang/ArrayIndexOutOfBoundsException'> (0x0000000770bf4d60) thrown at [C:\re\workspace\8-2-build-windows-amd64-cygwin\jdk8u231\13620\hotspot\src\share\vm\runtime\sharedRuntime.cpp, line 605]
Event: 10.511 Thread 0x0000000020bc1000 Exception <a 'java/lang/ArrayIndexOutOfBoundsException'> (0x0000000770d99398) thrown at [C:\re\workspace\8-2-build-windows-amd64-cygwin\jdk8u231\13620\hotspot\src\share\vm\runtime\sharedRuntime.cpp, line 605]
Event: 10.512 Thread 0x0000000020bc1000 Exception <a 'java/lang/ArrayIndexOutOfBoundsException'> (0x0000000770dbd608) thrown at [C:\re\workspace\8-2-build-windows-amd64-cygwin\jdk8u231\13620\hotspot\src\share\vm\runtime\sharedRuntime.cpp, line 605]
Event: 10.512 Thread 0x0000000020bc1000 Exception <a 'java/lang/ArrayIndexOutOfBoundsException'> (0x0000000770dbe9a8) thrown at [C:\re\workspace\8-2-build-windows-amd64-cygwin\jdk8u231\13620\hotspot\src\share\vm\runtime\sharedRuntime.cpp, line 605]
Event: 10.521 Thread 0x0000000020bc1000 Exception <a 'java/lang/ClassNotFoundException': java/lang/ObjectCustomizer> (0x0000000770f27228) thrown at [C:\re\workspace\8-2-build-windows-amd64-cygwin\jdk8u231\13620\hotspot\src\share\vm\classfile\systemDictionary.cpp, line 210]
Event: 10.521 Thread 0x0000000020bc1000 Exception <a 'java/lang/ArrayIndexOutOfBoundsException'> (0x0000000770f2a388) thrown at [C:\re\workspace\8-2-build-windows-amd64-cygwin\jdk8u231\13620\hotspot\src\share\vm\runtime\sharedRuntime.cpp, line 605]

Events (10 events):
Event: 10.521 Thread 0x0000000020bc1000 DEOPT PACKING pc=0x00000000039c5db8 sp=0x00000000220fccf0
Event: 10.521 Thread 0x0000000020bc1000 DEOPT UNPACKING pc=0x00000000038d7890 sp=0x00000000220fca10 mode 1
Event: 10.521 loading class org/springframework/data/redis/core/convert/MappingRedisConverterCustomizer
Event: 10.521 loading class org/springframework/data/redis/core/convert/MappingRedisConverterCustomizer done
Event: 10.521 Thread 0x0000000020bc1000 DEOPT PACKING pc=0x0000000003acb491 sp=0x00000000220fc490
Event: 10.521 Thread 0x0000000020bc1000 DEOPT UNPACKING pc=0x00000000038d7890 sp=0x00000000220fc1e0 mode 1
Event: 10.521 Thread 0x0000000020bc1000 DEOPT PACKING pc=0x0000000003a75c84 sp=0x00000000220fc510
Event: 10.521 Thread 0x0000000020bc1000 DEOPT UNPACKING pc=0x00000000038d7890 sp=0x00000000220fc330 mode 1
Event: 10.521 Thread 0x0000000020bc1000 DEOPT PACKING pc=0x0000000003a75bcc sp=0x00000000220fc6a0
Event: 10.521 Thread 0x0000000020bc1000 DEOPT UNPACKING pc=0x00000000038d7890 sp=0x00000000220fc4c0 mode 1


Dynamic libraries:
0x00007ff7af190000 - 0x00007ff7af1c7000 	C:\Program Files\Java\jdk1.8.0_231\bin\java.exe
0x00007ff8cbbc0000 - 0x00007ff8cbdad000 	C:\Windows\SYSTEM32\ntdll.dll
0x00007ff8cbad0000 - 0x00007ff8cbb83000 	C:\Windows\System32\KERNEL32.DLL
0x00007ff8c8750000 - 0x00007ff8c89e3000 	C:\Windows\System32\KERNELBASE.dll
0x00007ff8c5b60000 - 0x00007ff8c5bec000 	C:\Windows\SYSTEM32\apphelp.dll
0x00007ff8b3810000 - 0x00007ff8b386b000 	C:\Windows\SYSTEM32\AcGenral.DLL
0x00007ff8c9a50000 - 0x00007ff8c9aee000 	C:\Windows\System32\msvcrt.dll
0x00007ff8c9750000 - 0x00007ff8c97ee000 	C:\Windows\System32\sechost.dll
0x00007ff8cb830000 - 0x00007ff8cb952000 	C:\Windows\System32\RPCRT4.dll
0x00007ff8c92d0000 - 0x00007ff8c9322000 	C:\Windows\System32\SHLWAPI.dll
0x00007ff8c8e90000 - 0x00007ff8c91bc000 	C:\Windows\System32\combase.dll
0x00007ff8c84b0000 - 0x00007ff8c85aa000 	C:\Windows\System32\ucrtbase.dll
0x00007ff8c8d60000 - 0x00007ff8c8dde000 	C:\Windows\System32\bcryptPrimitives.dll
0x00007ff8c9240000 - 0x00007ff8c9269000 	C:\Windows\System32\GDI32.dll
0x00007ff8c85b0000 - 0x00007ff8c8749000 	C:\Windows\System32\gdi32full.dll
0x00007ff8c8410000 - 0x00007ff8c84b0000 	C:\Windows\System32\msvcp_win.dll
0x00007ff8c9480000 - 0x00007ff8c9617000 	C:\Windows\System32\USER32.dll
0x00007ff8c83d0000 - 0x00007ff8c83f0000 	C:\Windows\System32\win32u.dll
0x00007ff8c9af0000 - 0x00007ff8c9c45000 	C:\Windows\System32\ole32.dll
0x00007ff8c8de0000 - 0x00007ff8c8e83000 	C:\Windows\System32\advapi32.dll
0x00007ff8ca200000 - 0x00007ff8cb6f4000 	C:\Windows\System32\SHELL32.dll
0x00007ff8c89f0000 - 0x00007ff8c8a3a000 	C:\Windows\System32\cfgmgr32.dll
0x00007ff8c99a0000 - 0x00007ff8c9a48000 	C:\Windows\System32\shcore.dll
0x00007ff8c7c80000 - 0x00007ff8c83cd000 	C:\Windows\System32\windows.storage.dll
0x00007ff8c7bd0000 - 0x00007ff8c7bf4000 	C:\Windows\System32\profapi.dll
0x00007ff8c7c20000 - 0x00007ff8c7c7d000 	C:\Windows\System32\powrprof.dll
0x00007ff8c7c00000 - 0x00007ff8c7c11000 	C:\Windows\System32\kernel.appcore.dll
0x00007ff8c83f0000 - 0x00007ff8c8407000 	C:\Windows\System32\cryptsp.dll
0x00007ff8c7ae0000 - 0x00007ff8c7b08000 	C:\Windows\SYSTEM32\USERENV.dll
0x00007ff8b04f0000 - 0x00007ff8b050b000 	C:\Windows\SYSTEM32\MPR.dll
0x00007ff8c7ab0000 - 0x00007ff8c7adf000 	C:\Windows\SYSTEM32\SspiCli.dll
0x00007ff8c9cb0000 - 0x00007ff8c9cde000 	C:\Windows\System32\IMM32.DLL
0x00007ff8b8560000 - 0x00007ff8b87d9000 	C:\Windows\WinSxS\amd64_microsoft.windows.common-controls_6595b64144ccf1df_6.0.17763.1039_none_de701650534c7021\COMCTL32.dll
0x0000000067c50000 - 0x0000000067d22000 	C:\Program Files\Java\jdk1.8.0_231\jre\bin\msvcr100.dll
0x0000000065700000 - 0x0000000065fa6000 	C:\Program Files\Java\jdk1.8.0_231\jre\bin\server\jvm.dll
0x00007ff8cb7b0000 - 0x00007ff8cb7b8000 	C:\Windows\System32\PSAPI.DLL
0x00007ff8b3870000 - 0x00007ff8b3879000 	C:\Windows\SYSTEM32\WSOCK32.dll
0x00007ff8c58b0000 - 0x00007ff8c58d4000 	C:\Windows\SYSTEM32\WINMM.dll
0x00007ff8cb7c0000 - 0x00007ff8cb82d000 	C:\Windows\System32\WS2_32.dll
0x00007ff8bce90000 - 0x00007ff8bce9a000 	C:\Windows\SYSTEM32\VERSION.dll
0x00007ff8c5430000 - 0x00007ff8c545d000 	C:\Windows\SYSTEM32\WINMMBASE.dll
0x00007ff8c4210000 - 0x00007ff8c421f000 	C:\Program Files\Java\jdk1.8.0_231\jre\bin\verify.dll
0x00007ff8bcfa0000 - 0x00007ff8bcfc9000 	C:\Program Files\Java\jdk1.8.0_231\jre\bin\java.dll
0x00007ff89c200000 - 0x00007ff89c235000 	C:\Program Files\Java\jdk1.8.0_231\jre\bin\jdwp.dll
0x00007ff8b65e0000 - 0x00007ff8b65e8000 	C:\Program Files\Java\jdk1.8.0_231\jre\bin\npt.dll
0x00007ff89c4a0000 - 0x00007ff89c4c3000 	C:\Program Files\Java\jdk1.8.0_231\jre\bin\instrument.dll
0x00007ff8b7e60000 - 0x00007ff8b7e76000 	C:\Program Files\Java\jdk1.8.0_231\jre\bin\zip.dll
0x00007ff8b65d0000 - 0x00007ff8b65d9000 	C:\Program Files\Java\jdk1.8.0_231\jre\bin\dt_socket.dll
0x00007ff8c7420000 - 0x00007ff8c7487000 	C:\Windows\system32\mswsock.dll
0x00007ff8b70a0000 - 0x00007ff8b70ba000 	C:\Program Files\Java\jdk1.8.0_231\jre\bin\net.dll
0x00007ff8c7180000 - 0x00007ff8c7246000 	C:\Windows\SYSTEM32\DNSAPI.dll
0x00007ff8ca1d0000 - 0x00007ff8ca1d8000 	C:\Windows\System32\NSI.dll
0x00007ff8c7140000 - 0x00007ff8c717d000 	C:\Windows\SYSTEM32\IPHLPAPI.DLL
0x00007ff8bbbb0000 - 0x00007ff8bbbba000 	C:\Windows\System32\rasadhlp.dll
0x00007ff8ba6f0000 - 0x00007ff8ba769000 	C:\Windows\System32\fwpuclnt.dll
0x00007ff8c8cd0000 - 0x00007ff8c8cf6000 	C:\Windows\System32\bcrypt.dll
0x00007ff8a29a0000 - 0x00007ff8a29ad000 	C:\Program Files\Java\jdk1.8.0_231\jre\bin\management.dll
0x00007ff8b6550000 - 0x00007ff8b6562000 	C:\Program Files\Java\jdk1.8.0_231\jre\bin\nio.dll
0x00007ff8c6fa0000 - 0x00007ff8c6fd3000 	C:\Windows\system32\rsaenh.dll
0x00007ff8c75f0000 - 0x00007ff8c75fc000 	C:\Windows\SYSTEM32\CRYPTBASE.dll
0x00007ff8bc710000 - 0x00007ff8bc726000 	C:\Windows\SYSTEM32\dhcpcsvc6.DLL
0x00007ff8bc6f0000 - 0x00007ff8bc70c000 	C:\Windows\SYSTEM32\dhcpcsvc.DLL
0x00007ff8ac6f0000 - 0x00007ff8ac706000 	C:\Windows\system32\napinsp.dll
0x00007ff8ac6d0000 - 0x00007ff8ac6ea000 	C:\Windows\system32\pnrpnsp.dll
0x00007ff8ac2f0000 - 0x00007ff8ac2fe000 	C:\Windows\System32\winrnr.dll
0x00007ff8c4070000 - 0x00007ff8c408b000 	C:\Windows\system32\NLAapi.dll
0x00007ff8bcb10000 - 0x00007ff8bcb25000 	C:\Windows\system32\wshbth.dll
0x00007ff8b7ea0000 - 0x00007ff8b7ec4000 	C:\Program Files\Java\jdk1.8.0_231\jre\bin\sunec.dll

VM Arguments:
jvm_args: -agentlib:jdwp=transport=dt_socket,address=127.0.0.1:63487,suspend=y,server=n -XX:TieredStopAtLevel=1 -Xverify:none -Dspring.output.ansi.enabled=always -Dcom.sun.management.jmxremote -Dspring.jmx.enabled=true -Dspring.liveBeansView.mbeanDomain -Dspring.application.admin.enabled=true -javaagent:C:\Users\zcyne\.IntelliJIdea2019.1\system\captureAgent\debugger-agent.jar -Dfile.encoding=UTF-8 
java_command: com.jsc.hotspot.api.HotspotApiApplication
java_class_path (initial): C:\Program Files\Java\jdk1.8.0_231\jre\lib\charsets.jar;C:\Program Files\Java\jdk1.8.0_231\jre\lib\deploy.jar;C:\Program Files\Java\jdk1.8.0_231\jre\lib\ext\access-bridge-64.jar;C:\Program Files\Java\jdk1.8.0_231\jre\lib\ext\cldrdata.jar;C:\Program Files\Java\jdk1.8.0_231\jre\lib\ext\dnsns.jar;C:\Program Files\Java\jdk1.8.0_231\jre\lib\ext\jaccess.jar;C:\Program Files\Java\jdk1.8.0_231\jre\lib\ext\jfxrt.jar;C:\Program Files\Java\jdk1.8.0_231\jre\lib\ext\localedata.jar;C:\Program Files\Java\jdk1.8.0_231\jre\lib\ext\nashorn.jar;C:\Program Files\Java\jdk1.8.0_231\jre\lib\ext\sunec.jar;C:\Program Files\Java\jdk1.8.0_231\jre\lib\ext\sunjce_provider.jar;C:\Program Files\Java\jdk1.8.0_231\jre\lib\ext\sunmscapi.jar;C:\Program Files\Java\jdk1.8.0_231\jre\lib\ext\sunpkcs11.jar;C:\Program Files\Java\jdk1.8.0_231\jre\lib\ext\zipfs.jar;C:\Program Files\Java\jdk1.8.0_231\jre\lib\javaws.jar;C:\Program Files\Java\jdk1.8.0_231\jre\lib\jce.jar;C:\Program Files\Java\jdk1.8.0_231\jre\lib\jfr.jar;C:\Program Files\Java\jdk1.8.0_231\jre\lib\jfxswt.jar;C:\Program Files\Java\jdk1.8.0_231\jre\lib\jsse.jar;C:\Program Files\Java\jdk1.8.0_231\jre\lib\management-agent.jar;C:\Program Files\Java\jdk1.8.0_231\jre\lib\plugin.jar;C:\Program Files\Java\jdk1.8.0_231\jre\lib\resources.jar;C:\Program Files\Java\jdk1.8.0_231\jre\lib\rt.jar;D:\Repositories\hotspot-admin-api\hotspot-api\target\classes;D:\Repositories\hotspot-admin-api\hotspot-db\target\classes;D:\Web\Maven\repository\org\springframework\boot\spring-boot-starter-json\2.0.4.RELEASE\spring-boot-starter-json-2.0.4.RELEASE.jar;D:\Web\Maven\repository\com\fasterxml\jackson\core\jackson-databind\2.10.0\jackson-databind-2.10.0.jar;D:\Web\Maven\repository\com\fasterxml\jackson\core\jackson-annotations\2.10.0\jackson-annotations-2.10.0.jar;D:\Web\Maven\repository\com\fasterxml\jackson\datatype\jackson-datatype-jdk8\2.10.0\jackson-datatype-jdk8-2.10.0.jar;D:\Web\Maven\repository\com\fasterxml\jackson\datatype\jackson-datat
Launcher Type: SUN_STANDARD

Environment Variables:
JAVA_HOME=C:\Program Files\Java\jdk1.8.0_231
PATH=D:\Software\Xftp\;D:\Software\XShell\;C:\Program Files (x86)\Common Files\Oracle\Java\javapath;C:\Windows\system32;C:\Windows;C:\Windows\System32\Wbem;C:\Windows\System32\WindowsPowerShell\v1.0\;C:\Windows\System32\OpenSSH\;C:\Program Files\Intel\WiFi\bin\;C:\Program Files\Common Files\Intel\WirelessCommon\;C:\Program Files (x86)\NVIDIA Corporation\PhysX\Common;C:\Program Files\NVIDIA Corporation\NVIDIA NvDLISR;C:\Program Files\dotnet\;C:\Program Files\Microsoft SQL Server\130\Tools\Binn\;C:\Program Files\nodejs\;D:\Web\Maven\apache-maven-3.6.1\bin;C:\Program Files\Java\jdk1.8.0_231\bin;C:\Program Files\Microsoft SQL Server\Client SDK\ODBC\130\Tools\Binn\;C:\Program Files (x86)\Microsoft SQL Server\140\Tools\Binn\;C:\Program Files\Microsoft SQL Server\140\Tools\Binn\;C:\Program Files\Microsoft SQL Server\140\DTS\Binn\;C:\Program Files\Git\cmd;D:\Software\apache-ant-1.10.7-bin\apache-ant-1.10.7\bin;C:\Program Files (x86)\Intel\Intel(R) Management Engine Components\DAL;C:\Program Files\Intel\Intel(R) Management Engine Components\DAL;D:\Software\Go\bin;C:\Program Files\Java\jre1.8.0_231\bin;C:\Users\zcyne\.windows-build-tools\python27\;C:\Users\zcyne\AppData\Local\Microsoft\WindowsApps;C:\Users\zcyne\AppData\Local\Programs\Microsoft VS Code\bin;C:\Users\zcyne\AppData\Roaming\npm;D:\Software\VSCode\Microsoft VS Code\bin;D:\Software\apache-ant-1.10.7-bin\apache-ant-1.10.7\bin;C:\Users\zcyne\go\bin
USERNAME=zcyne
OS=Windows_NT
PROCESSOR_IDENTIFIER=Intel64 Family 6 Model 142 Stepping 10, GenuineIntel



---------------  S Y S T E M  ---------------

OS: Windows 10.0 , 64 bit Build 17763 (10.0.17763.475)

CPU:total 8 (initial active 8) (4 cores per cpu, 2 threads per core) family 6 model 142 stepping 10, cmov, cx8, fxsr, mmx, sse, sse2, sse3, ssse3, sse4.1, sse4.2, popcnt, avx, avx2, aes, clmul, erms, 3dnowpref, lzcnt, ht, tsc, tscinvbit, bmi1, bmi2, adx

Memory: 4k page, physical 16658152k(4369356k free), swap 24576696k(4136k free)

vm_info: Java HotSpot(TM) 64-Bit Server VM (25.231-b11) for windows-amd64 JRE (1.8.0_231-b11), built on Oct  5 2019 03:11:30 by "java_re" with MS VC++ 10.0 (VS2010)

time: Sat Mar 14 22:09:16 2020
timezone: 中国标准时间
elapsed time: 10 seconds (0d 0h 0m 10s)

