#
# There is insufficient memory for the Java Runtime Environment to continue.
# Native memory allocation (malloc) failed to allocate 1048576 bytes for AllocateHeap
# Possible reasons:
#   The system is out of physical RAM or swap space
#   The process is running with CompressedOops enabled, and the Java Heap may be blocking the growth of the native heap
# Possible solutions:
#   Reduce memory load on the system
#   Increase physical memory or swap space
#   Check if swap backing store is full
#   Decrease Java heap size (-Xmx/-Xms)
#   Decrease number of Java threads
#   Decrease Java thread stack sizes (-Xss)
#   Set larger code cache with -XX:ReservedCodeCacheSize=
#   JVM is running with Zero Based Compressed Oops mode in which the Java heap is
#     placed in the first 32GB address space. The Java Heap base address is the
#     maximum limit for the native heap growth. Please use -XX:HeapBaseMinAddress
#     to set the Java Heap base and to place the Java Heap above 32GB virtual address.
# This output file may be truncated or incomplete.
#
#  Out of Memory Error (memory/allocation.inline.hpp:61), pid=16608, tid=0x00000000000059c0
#
# JRE version:  (8.0_231-b11) (build )
# Java VM: Java HotSpot(TM) 64-Bit Server VM (25.231-b11 mixed mode windows-amd64 compressed oops)
# Failed to write core dump. Minidumps are not enabled by default on client versions of Windows
#

---------------  T H R E A D  ---------------

Current thread (0x0000000002bde800):  JavaThread "Unknown thread" [_thread_in_vm, id=22976, stack(0x0000000002be0000,0x0000000002ce0000)]

Stack: [0x0000000002be0000,0x0000000002ce0000]
[error occurred during error reporting (printing stack bounds), id 0xc0000005]

Native frames: (J=compiled Java code, j=interpreted, Vv=VM code, C=native code)


---------------  P R O C E S S  ---------------

Java Threads: ( => current thread )

Other Threads:

=>0x0000000002bde800 (exited) JavaThread "Unknown thread" [_thread_in_vm, id=22976, stack(0x0000000002be0000,0x0000000002ce0000)]

VM state:not at safepoint (normal execution)

VM Mutex/Monitor currently owned by a thread: None

heap address: 0x00000006c1c00000, size: 4068 MB, Compressed Oops mode: Zero based, Oop shift amount: 3
Narrow klass base: 0x0000000000000000, Narrow klass shift: 3
Compressed class space size: 1073741824 Address: 0x00000007c0000000

Heap:
 PSYoungGen      total 76288K, used 1310K [0x000000076b400000, 0x0000000770900000, 0x00000007c0000000)
  eden space 65536K, 2% used [0x000000076b400000,0x000000076b547af0,0x000000076f400000)
  from space 10752K, 0% used [0x000000076fe80000,0x000000076fe80000,0x0000000770900000)
  to   space 10752K, 0% used [0x000000076f400000,0x000000076f400000,0x000000076fe80000)
 ParOldGen       total 175104K, used 0K [0x00000006c1c00000, 0x00000006cc700000, 0x000000076b400000)
  object space 175104K, 0% used [0x00000006c1c00000,0x00000006c1c00000,0x00000006cc700000)
 Metaspace       used 776K, capacity 4480K, committed 4480K, reserved 1056768K
  class space    used 76K, capacity 384K, committed 384K, reserved 1048576K

Card table byte_map: [0x0000000012520000,0x0000000012d20000] byte_map_base: 0x000000000ef12000

Marking Bits: (ParMarkBitMap*) 0x0000000061576d90
 Begin Bits: [0x0000000013a70000, 0x0000000017a00000)
 End Bits:   [0x0000000017a00000, 0x000000001b990000)

Polling page: 0x0000000002ce0000

CodeCache: size=245760Kb used=328Kb max_used=328Kb free=245431Kb
 bounds [0x0000000003160000, 0x00000000033d0000, 0x0000000012160000]
 total_blobs=58 nmethods=0 adapters=38
 compilation: enabled

Compilation events (0 events):
No events

GC Heap History (0 events):
No events

Deoptimization events (0 events):
No events

Classes redefined (0 events):
No events

Internal exceptions (0 events):
No events

Events (10 events):
Event: 0.021 loading class java/lang/Short
Event: 0.021 loading class java/lang/Short done
Event: 0.021 loading class java/lang/Integer
Event: 0.021 loading class java/lang/Integer done
Event: 0.021 loading class java/lang/Long
Event: 0.021 loading class java/lang/Long done
Event: 0.021 loading class java/lang/NullPointerException
Event: 0.021 loading class java/lang/NullPointerException done
Event: 0.021 loading class java/lang/ArithmeticException
Event: 0.021 loading class java/lang/ArithmeticException done


Dynamic libraries:
0x00007ff7ddf50000 - 0x00007ff7ddf87000 	C:\Program Files\Java\jdk1.8.0_231\jre\bin\java.exe
0x00007ff90c770000 - 0x00007ff90c95d000 	C:\Windows\SYSTEM32\ntdll.dll
0x00007ff90a5b0000 - 0x00007ff90a663000 	C:\Windows\System32\KERNEL32.DLL
0x00007ff909420000 - 0x00007ff9096b3000 	C:\Windows\System32\KERNELBASE.dll
0x00007ff90c3e0000 - 0x00007ff90c483000 	C:\Windows\System32\ADVAPI32.dll
0x00007ff90c490000 - 0x00007ff90c52e000 	C:\Windows\System32\msvcrt.dll
0x00007ff90c040000 - 0x00007ff90c0de000 	C:\Windows\System32\sechost.dll
0x00007ff90a6a0000 - 0x00007ff90a7c2000 	C:\Windows\System32\RPCRT4.dll
0x00007ff909ae0000 - 0x00007ff909c77000 	C:\Windows\System32\USER32.dll
0x00007ff9098c0000 - 0x00007ff9098e0000 	C:\Windows\System32\win32u.dll
0x00007ff90a670000 - 0x00007ff90a699000 	C:\Windows\System32\GDI32.dll
0x00007ff9090a0000 - 0x00007ff909239000 	C:\Windows\System32\gdi32full.dll
0x00007ff9096c0000 - 0x00007ff909760000 	C:\Windows\System32\msvcp_win.dll
0x00007ff909760000 - 0x00007ff90985a000 	C:\Windows\System32\ucrtbase.dll
0x00007ff8f94a0000 - 0x00007ff8f9719000 	C:\Windows\WinSxS\amd64_microsoft.windows.common-controls_6595b64144ccf1df_6.0.17763.1039_none_de701650534c7021\COMCTL32.dll
0x00007ff90a220000 - 0x00007ff90a54c000 	C:\Windows\System32\combase.dll
0x00007ff908fa0000 - 0x00007ff90901e000 	C:\Windows\System32\bcryptPrimitives.dll
0x00007ff90c0e0000 - 0x00007ff90c10e000 	C:\Windows\System32\IMM32.DLL
0x0000000061600000 - 0x00000000616d2000 	C:\Program Files\Java\jdk1.8.0_231\jre\bin\msvcr100.dll
0x0000000060d50000 - 0x00000000615f6000 	C:\Program Files\Java\jdk1.8.0_231\jre\bin\server\jvm.dll
0x00007ff90a1b0000 - 0x00007ff90a1b8000 	C:\Windows\System32\PSAPI.DLL
0x00007ff8f5e90000 - 0x00007ff8f5e99000 	C:\Windows\SYSTEM32\WSOCK32.dll
0x00007ff9065e0000 - 0x00007ff906604000 	C:\Windows\SYSTEM32\WINMM.dll
0x00007ff903570000 - 0x00007ff90357a000 	C:\Windows\SYSTEM32\VERSION.dll
0x00007ff90c210000 - 0x00007ff90c27d000 	C:\Windows\System32\WS2_32.dll
0x00007ff9064c0000 - 0x00007ff9064ed000 	C:\Windows\SYSTEM32\WINMMBASE.dll
0x00007ff909020000 - 0x00007ff90906a000 	C:\Windows\System32\cfgmgr32.dll
0x00007ff902410000 - 0x00007ff90241f000 	C:\Program Files\Java\jdk1.8.0_231\jre\bin\verify.dll
0x00007ff8e7e50000 - 0x00007ff8e7e79000 	C:\Program Files\Java\jdk1.8.0_231\jre\bin\java.dll
0x00007ff8e7de0000 - 0x00007ff8e7df6000 	C:\Program Files\Java\jdk1.8.0_231\jre\bin\zip.dll

VM Arguments:
java_command: com.sun.jna.Native$DeleteNativeLibrary C:\Users\zcyne\AppData\Local\Temp\jna4834047565757413670.tmp
java_class_path (initial): C:\Users\zcyne\AppData\Local\Temp\classpath1552050760.jar;C:\Users\zcyne\.IntelliJIdea2019.1\system\captureAgent\debugger-agent.jar
Launcher Type: SUN_STANDARD

Environment Variables:
JAVA_HOME=C:\Program Files\Java\jdk1.8.0_231
PATH=D:\Software\Xftp\;D:\Software\XShell\;C:\Program Files (x86)\Common Files\Oracle\Java\javapath;C:\Windows\system32;C:\Windows;C:\Windows\System32\Wbem;C:\Windows\System32\WindowsPowerShell\v1.0\;C:\Windows\System32\OpenSSH\;C:\Program Files\Intel\WiFi\bin\;C:\Program Files\Common Files\Intel\WirelessCommon\;C:\Program Files (x86)\NVIDIA Corporation\PhysX\Common;C:\Program Files\NVIDIA Corporation\NVIDIA NvDLISR;C:\Program Files\dotnet\;C:\Program Files\Microsoft SQL Server\130\Tools\Binn\;C:\Program Files\nodejs\;D:\Web\Maven\apache-maven-3.6.1\bin;C:\Program Files\Java\jdk1.8.0_231\bin;C:\Program Files\Microsoft SQL Server\Client SDK\ODBC\130\Tools\Binn\;C:\Program Files (x86)\Microsoft SQL Server\140\Tools\Binn\;C:\Program Files\Microsoft SQL Server\140\Tools\Binn\;C:\Program Files\Microsoft SQL Server\140\DTS\Binn\;C:\Program Files\Git\cmd;D:\Software\apache-ant-1.10.7-bin\apache-ant-1.10.7\bin;C:\Program Files (x86)\Intel\Intel(R) Management Engine Components\DAL;C:\Program Files\Intel\Intel(R) Management Engine Components\DAL;D:\Software\Go\bin;C:\Program Files\Java\jre1.8.0_231\bin;C:\Users\zcyne\.windows-build-tools\python27\;C:\Users\zcyne\AppData\Local\Microsoft\WindowsApps;C:\Users\zcyne\AppData\Local\Programs\Microsoft VS Code\bin;C:\Users\zcyne\AppData\Roaming\npm;D:\Software\VSCode\Microsoft VS Code\bin;D:\Software\apache-ant-1.10.7-bin\apache-ant-1.10.7\bin;C:\Users\zcyne\go\bin
USERNAME=zcyne
OS=Windows_NT
PROCESSOR_IDENTIFIER=Intel64 Family 6 Model 142 Stepping 10, GenuineIntel



---------------  S Y S T E M  ---------------

OS: Windows 10.0 , 64 bit Build 17763 (10.0.17763.475)

CPU:total 8 (initial active 8) (4 cores per cpu, 2 threads per core) family 6 model 142 stepping 10, cmov, cx8, fxsr, mmx, sse, sse2, sse3, ssse3, sse4.1, sse4.2, popcnt, avx, avx2, aes, clmul, erms, 3dnowpref, lzcnt, ht, tsc, tscinvbit, bmi1, bmi2, adx

Memory: 4k page, physical 16658152k(3266540k free), swap 24167432k(5392k free)

vm_info: Java HotSpot(TM) 64-Bit Server VM (25.231-b11) for windows-amd64 JRE (1.8.0_231-b11), built on Oct  5 2019 03:11:30 by "java_re" with MS VC++ 10.0 (VS2010)

time: Tue Mar 24 16:46:54 2020
timezone: 中国标准时间
elapsed time: 0 seconds (0d 0h 0m 0s)

