#
# A fatal error has been detected by the Java Runtime Environment:
#
#  EXCEPTION_ACCESS_VIOLATION (0xc0000005) at pc=0x00000001800038e0, pid=18092, tid=0x0000000000002924
#
# JRE version: Java(TM) SE Runtime Environment (8.0_231-b11) (build 1.8.0_231-b11)
# Java VM: Java HotSpot(TM) 64-Bit Server VM (25.231-b11 mixed mode windows-amd64 compressed oops)
# Problematic frame:
# C  0x00000001800038e0
#
# Failed to write core dump. Minidumps are not enabled by default on client versions of Windows
#
# If you would like to submit a bug report, please visit:
#   http://bugreport.java.com/bugreport/crash.jsp
# The crash happened outside the Java Virtual Machine in native code.
# See problematic frame for where to report the bug.
#

---------------  T H R E A D  ---------------

Current thread (0x000000001ea80800):  JavaThread "Finalizer" daemon [_thread_in_native, id=10532, stack(0x000000001ef60000,0x000000001f060000)]

siginfo: ExceptionCode=0xc0000005, ExceptionInformation=0x0000000000000008 0x00000001800038e0

Registers:
RAX=0x00000001800038e0, RBX=0x0000000025640438, RCX=0x000000001ea809f8, RDX=0x000000001f05ef28
RSP=0x000000001f05ee98, RBP=0x000000001f05ef18, RSI=0x00000006c3faffc8, RDI=0x00000006c1c2d958
R8 =0x0000000021ef0c40, R9 =0x0000000000000000, R10=0x0000000003291dc4, R11=0x00000000563fcf70
R12=0x0000000000000000, R13=0x0000000025640438, R14=0x000000001f05ef40, R15=0x000000001ea80800
RIP=0x00000001800038e0, EFLAGS=0x0000000000010202

Top of Stack: (sp=0x000000001f05ee98)
0x000000001f05ee98:   0000000003291df0 00000006c3460a18
0x000000001f05eea8:   0000000000000000 00000006c1e77f08
0x000000001f05eeb8:   0000000000000000 0000000060000000
0x000000001f05eec8:   00000006c3fb3f48 000000001f05f0c0
0x000000001f05eed8:   000000001f05eed8 0000000000000000
0x000000001f05eee8:   000000001f05ef40 0000000025640640
0x000000001f05eef8:   0000000000000000 0000000025640438
0x000000001f05ef08:   0000000000000000 000000001f05ef38
0x000000001f05ef18:   000000001f05ef88 00000000032783fd
0x000000001f05ef28:   00000006c2f104e0 0000000003287a58
0x000000001f05ef38:   0000000021ef0c40 00000007c0006610
0x000000001f05ef48:   000000001f05ef48 000000002563e4a5
0x000000001f05ef58:   000000001f05ef98 0000000025640640
0x000000001f05ef68:   0000000000000000 000000002563e4c8
0x000000001f05ef78:   000000001f05ef38 000000001f05efa0
0x000000001f05ef88:   000000001f05f0c0 00000000034caaec 

Instructions: (pc=0x00000001800038e0)
0x00000001800038c0:   
[error occurred during error reporting (printing registers, top of stack, instructions near pc), id 0xc0000005]

Register to memory mapping:

RAX=0x00000001800038e0 is an unknown value
RBX={method} {0x0000000025640440} 'free' '(J)V' in 'com/sun/jna/Memory'
RCX=0x000000001ea809f8 is an unknown value
RDX=0x000000001f05ef28 is pointing into the stack for thread: 0x000000001ea80800
RSP=0x000000001f05ee98 is pointing into the stack for thread: 0x000000001ea80800
RBP=0x000000001f05ef18 is pointing into the stack for thread: 0x000000001ea80800
RSI=0x00000006c3faffc8 is an oop
com.sun.jna.Memory 
 - klass: 'com/sun/jna/Memory'
RDI=0x00000006c1c2d958 is an oop
java.lang.System$2 
 - klass: 'java/lang/System$2'
R8 =0x0000000021ef0c40 is an unknown value
R9 =0x0000000000000000 is an unknown value
R10=0x0000000003291dc4 is at code_begin+1700 in an Interpreter codelet
method entry point (kind = native)  [0x0000000003291720, 0x00000000032927e0]  4288 bytes
R11=0x00000000563fcf70 is an unknown value
R12=0x0000000000000000 is an unknown value
R13={method} {0x0000000025640440} 'free' '(J)V' in 'com/sun/jna/Memory'
R14=0x000000001f05ef40 is pointing into the stack for thread: 0x000000001ea80800
R15=0x000000001ea80800 is a thread


Stack: [0x000000001ef60000,0x000000001f060000],  sp=0x000000001f05ee98,  free space=1019k
Native frames: (J=compiled Java code, j=interpreted, Vv=VM code, C=native code)
C  0x00000001800038e0

Java frames: (J=compiled Java code, j=interpreted, Vv=VM code)
j  com.sun.jna.Memory.free(J)V+0
j  com.sun.jna.Memory.finalize()V+13
J 786 C1 java.lang.ref.Finalizer.runFinalizer(Lsun/misc/JavaLangAccess;)V (62 bytes) @ 0x00000000034caaec [0x00000000034ca8e0+0x20c]
J 785 C1 java.lang.ref.Finalizer.access$100(Ljava/lang/ref/Finalizer;Lsun/misc/JavaLangAccess;)V (6 bytes) @ 0x00000000034ca58c [0x00000000034ca560+0x2c]
j  java.lang.ref.Finalizer$FinalizerThread.run()V+45
v  ~StubRoutines::call_stub

---------------  P R O C E S S  ---------------

Java Threads: ( => current thread )
  0x0000000024c34800 JavaThread "PHOENIX-DRIVER-SHUTDOWNHOOK-thread-0" daemon [_thread_in_Java, id=9604, stack(0x000000002d910000,0x000000002da10000)]
  0x0000000024c39000 JavaThread "AWT-Shutdown" [_thread_blocked, id=24280, stack(0x000000002d810000,0x000000002d910000)]
  0x0000000029c73800 JavaThread "SpringContextShutdownHook" [_thread_blocked, id=21844, stack(0x000000002d710000,0x000000002d810000)]
  0x0000000029c72800 JavaThread "Thread-36" [_thread_blocked, id=23684, stack(0x000000002d610000,0x000000002d710000)]
  0x0000000029c77000 JavaThread "SIGINT handler" daemon [_thread_blocked, id=22108, stack(0x000000002cf00000,0x000000002d000000)]
  0x0000000029c72000 JavaThread "RMI TCP Connection(idle)" daemon [_thread_blocked, id=22556, stack(0x000000002d000000,0x000000002d100000)]
  0x0000000029c76800 JavaThread "DestroyJavaVM" [_thread_blocked, id=19428, stack(0x0000000002ed0000,0x0000000002fd0000)]
  0x0000000029c75000 JavaThread "http-nio-9090-Acceptor" daemon [_thread_in_native, id=20036, stack(0x000000002bde0000,0x000000002bee0000)]
  0x0000000029c75800 JavaThread "http-nio-9090-ClientPoller" daemon [_thread_in_native, id=15508, stack(0x000000002bce0000,0x000000002bde0000)]
  0x0000000029c69000 JavaThread "http-nio-9090-exec-10" daemon [_thread_blocked, id=23392, stack(0x000000002bbe0000,0x000000002bce0000)]
  0x0000000029c6f800 JavaThread "http-nio-9090-exec-9" daemon [_thread_blocked, id=5040, stack(0x000000002bae0000,0x000000002bbe0000)]
  0x0000000029c6c800 JavaThread "http-nio-9090-exec-8" daemon [_thread_blocked, id=20832, stack(0x000000002b9e0000,0x000000002bae0000)]
  0x0000000029c6b000 JavaThread "http-nio-9090-exec-7" daemon [_thread_blocked, id=896, stack(0x000000002b8e0000,0x000000002b9e0000)]
  0x0000000029c68000 JavaThread "http-nio-9090-exec-6" daemon [_thread_blocked, id=8036, stack(0x000000002b7e0000,0x000000002b8e0000)]
  0x0000000029c6f000 JavaThread "http-nio-9090-exec-5" daemon [_thread_blocked, id=24176, stack(0x000000002b6e0000,0x000000002b7e0000)]
  0x0000000029c69800 JavaThread "http-nio-9090-exec-4" daemon [_thread_blocked, id=22280, stack(0x000000002b5e0000,0x000000002b6e0000)]
  0x0000000029c6a800 JavaThread "http-nio-9090-exec-3" daemon [_thread_blocked, id=21280, stack(0x000000002b4e0000,0x000000002b5e0000)]
  0x0000000029c6d800 JavaThread "http-nio-9090-exec-2" daemon [_thread_blocked, id=16684, stack(0x000000002b3e0000,0x000000002b4e0000)]
  0x0000000029c6c000 JavaThread "http-nio-9090-exec-1" daemon [_thread_blocked, id=1988, stack(0x000000002b2e0000,0x000000002b3e0000)]
  0x0000000029c6e000 JavaThread "http-nio-9090-BlockPoller" daemon [_thread_in_native, id=11196, stack(0x000000002b0e0000,0x000000002b1e0000)]
  0x0000000024df8800 JavaThread "pool-1-thread-1" [_thread_blocked, id=18472, stack(0x000000002afe0000,0x000000002b0e0000)]
  0x0000000024dfa000 JavaThread "Live Reload Server" daemon [_thread_in_native, id=20696, stack(0x000000002ace0000,0x000000002ade0000)]
  0x0000000024dfb800 JavaThread "Abandoned connection cleanup thread" daemon [_thread_blocked, id=10548, stack(0x000000002a7e0000,0x000000002a8e0000)]
  0x0000000024dfc000 JavaThread "nioEventLoopGroup-4-1" [_thread_in_native, id=3784, stack(0x0000000029310000,0x0000000029410000)]
  0x0000000024df6000 JavaThread "Java2D Disposer" daemon [_thread_blocked, id=3332, stack(0x0000000026340000,0x0000000026440000)]
  0x0000000024df9000 JavaThread "container-0" [_thread_blocked, id=18240, stack(0x00000000259e0000,0x0000000025ae0000)]
  0x0000000024e00800 JavaThread "Catalina-utility-2" [_thread_blocked, id=10488, stack(0x00000000258e0000,0x00000000259e0000)]
  0x0000000024e00000 JavaThread "Catalina-utility-1" [_thread_blocked, id=13756, stack(0x00000000257e0000,0x00000000258e0000)]
  0x0000000024dff000 JavaThread "Thread-28" [_thread_in_native, id=25540, stack(0x00000000256e0000,0x00000000257e0000)]
  0x0000000020a49000 JavaThread "RMI Scheduler(0)" daemon [_thread_blocked, id=7016, stack(0x0000000021a40000,0x0000000021b40000)]
  0x00000000209fb800 JavaThread "RMI TCP Connection(3)-192.168.11.200" daemon [_thread_in_native, id=25956, stack(0x0000000021740000,0x0000000021840000)]
  0x00000000206f0000 JavaThread "RMI TCP Accept-0" daemon [_thread_in_native, id=21948, stack(0x0000000021290000,0x0000000021390000)]
  0x000000002042c800 JavaThread "Service Thread" daemon [_thread_blocked, id=24592, stack(0x0000000021190000,0x0000000021290000)]
  0x0000000020427800 JavaThread "C1 CompilerThread3" daemon [_thread_blocked, id=10892, stack(0x0000000021090000,0x0000000021190000)]
  0x00000000203c4800 JavaThread "C2 CompilerThread2" daemon [_thread_blocked, id=17564, stack(0x0000000020f90000,0x0000000021090000)]
  0x00000000203c3800 JavaThread "C2 CompilerThread1" daemon [_thread_blocked, id=24784, stack(0x0000000020e90000,0x0000000020f90000)]
  0x00000000203c3000 JavaThread "C2 CompilerThread0" daemon [_thread_blocked, id=21028, stack(0x0000000020d90000,0x0000000020e90000)]
  0x000000001eb06000 JavaThread "JDWP Event Helper Thread" daemon [_thread_blocked, id=23172, stack(0x000000001f3c0000,0x000000001f4c0000)]
  0x000000001ea9b000 JavaThread "Attach Listener" daemon [_thread_blocked, id=476, stack(0x000000001f1c0000,0x000000001f2c0000)]
  0x000000001eaf0800 JavaThread "Signal Dispatcher" daemon [_thread_blocked, id=5680, stack(0x000000001f0c0000,0x000000001f1c0000)]
=>0x000000001ea80800 JavaThread "Finalizer" daemon [_thread_in_native, id=10532, stack(0x000000001ef60000,0x000000001f060000)]
  0x000000001cc8c800 JavaThread "Reference Handler" daemon [_thread_blocked, id=6484, stack(0x000000001ee60000,0x000000001ef60000)]

Other Threads:
  0x000000001cc89000 VMThread [stack: 0x000000001e960000,0x000000001ea60000] [id=2312]
  0x00000000206f8000 WatcherThread [stack: 0x0000000021390000,0x0000000021490000] [id=22004]

VM state:not at safepoint (normal execution)

VM Mutex/Monitor currently owned by a thread: None

heap address: 0x00000006c1c00000, size: 4068 MB, Compressed Oops mode: Zero based, Oop shift amount: 3
Narrow klass base: 0x0000000000000000, Narrow klass shift: 3
Compressed class space size: 1073741824 Address: 0x00000007c0000000

Heap:
 PSYoungGen      total 621056K, used 12795K [0x000000076b400000, 0x00000007a0300000, 0x00000007c0000000)
  eden space 605184K, 2% used [0x000000076b400000,0x000000076c07efe8,0x0000000790300000)
  from space 15872K, 0% used [0x0000000790300000,0x0000000790300000,0x0000000791280000)
  to   space 22528K, 0% used [0x000000079ed00000,0x000000079ed00000,0x00000007a0300000)
 ParOldGen       total 162816K, used 39314K [0x00000006c1c00000, 0x00000006cbb00000, 0x000000076b400000)
  object space 162816K, 24% used [0x00000006c1c00000,0x00000006c4264b00,0x00000006cbb00000)
 Metaspace       used 56135K, capacity 59064K, committed 59288K, reserved 1099776K
  class space    used 7517K, capacity 8087K, committed 8192K, reserved 1048576K

Card table byte_map: [0x0000000012630000,0x0000000012e30000] byte_map_base: 0x000000000f022000

Marking Bits: (ParMarkBitMap*) 0x00000000569f6d90
 Begin Bits: [0x0000000013b80000, 0x0000000017b10000)
 End Bits:   [0x0000000017b10000, 0x000000001baa0000)

Polling page: 0x0000000000eb0000

CodeCache: size=245760Kb used=12062Kb max_used=12062Kb free=233697Kb
 bounds [0x0000000003270000, 0x0000000003e40000, 0x0000000012270000]
 total_blobs=6438 nmethods=5818 adapters=539
 compilation: enabled

Compilation events (10 events):
Event: 40.724 Thread 0x0000000020427800 5846       1       com.sun.org.apache.xerces.internal.xinclude.XIncludeHandler::isIncludeElement (27 bytes)
Event: 40.725 Thread 0x0000000020427800 nmethod 5846 0x0000000003b4d410 code [0x0000000003b4d5a0, 0x0000000003b4d818]
Event: 40.725 Thread 0x0000000020427800 5847       1       com.sun.org.apache.xerces.internal.xinclude.XIncludeHandler::isFallbackElement (27 bytes)
Event: 40.725 Thread 0x0000000020427800 nmethod 5847 0x00000000037e9950 code [0x00000000037e9ae0, 0x00000000037e9d58]
Event: 40.725 Thread 0x0000000020427800 5844       1       com.sun.org.apache.xerces.internal.xinclude.MultipleScopeNamespaceSupport::getURI (24 bytes)
Event: 40.725 Thread 0x0000000020427800 nmethod 5844 0x00000000037e94d0 code [0x00000000037e9640, 0x00000000037e97e8]
Event: 40.725 Thread 0x0000000020427800 5845       1       com.sun.org.apache.xerces.internal.xinclude.MultipleScopeNamespaceSupport::getURI (62 bytes)
Event: 40.725 Thread 0x0000000020427800 nmethod 5845 0x00000000037e9050 code [0x00000000037e91c0, 0x00000000037e93b0]
Event: 40.725 Thread 0x0000000020427800 5837       1       com.sun.org.apache.xerces.internal.xinclude.XIncludeHandler::getSawFallback (18 bytes)
Event: 40.725 Thread 0x0000000020427800 nmethod 5837 0x00000000037e8d10 code [0x00000000037e8e60, 0x00000000037e8fb0]

GC Heap History (10 events):
Event: 15.122 GC heap before
{Heap before GC invocations=10 (full 1):
 PSYoungGen      total 422400K, used 66907K [0x000000076b400000, 0x0000000788200000, 0x00000007c0000000)
  eden space 412160K, 13% used [0x000000076b400000,0x000000076eb5ee68,0x0000000784680000)
  from space 10240K, 99% used [0x0000000785300000,0x0000000785cf8048,0x0000000785d00000)
  to   space 12800K, 0% used [0x0000000784680000,0x0000000784680000,0x0000000785300000)
 ParOldGen       total 83968K, used 10799K [0x00000006c1c00000, 0x00000006c6e00000, 0x000000076b400000)
  object space 83968K, 12% used [0x00000006c1c00000,0x00000006c268bd48,0x00000006c6e00000)
 Metaspace       used 33554K, capacity 35422K, committed 35496K, reserved 1079296K
  class space    used 4452K, capacity 4831K, committed 4864K, reserved 1048576K
Event: 15.129 GC heap after
Heap after GC invocations=10 (full 1):
 PSYoungGen      total 424960K, used 8512K [0x000000076b400000, 0x0000000792200000, 0x00000007c0000000)
  eden space 412160K, 0% used [0x000000076b400000,0x000000076b400000,0x0000000784680000)
  from space 12800K, 66% used [0x0000000784680000,0x0000000784ed02c8,0x0000000785300000)
  to   space 12288K, 0% used [0x0000000791600000,0x0000000791600000,0x0000000792200000)
 ParOldGen       total 83968K, used 12777K [0x00000006c1c00000, 0x00000006c6e00000, 0x000000076b400000)
  object space 83968K, 15% used [0x00000006c1c00000,0x00000006c287a488,0x00000006c6e00000)
 Metaspace       used 33554K, capacity 35422K, committed 35496K, reserved 1079296K
  class space    used 4452K, capacity 4831K, committed 4864K, reserved 1048576K
}
Event: 15.129 GC heap before
{Heap before GC invocations=11 (full 2):
 PSYoungGen      total 424960K, used 8512K [0x000000076b400000, 0x0000000792200000, 0x00000007c0000000)
  eden space 412160K, 0% used [0x000000076b400000,0x000000076b400000,0x0000000784680000)
  from space 12800K, 66% used [0x0000000784680000,0x0000000784ed02c8,0x0000000785300000)
  to   space 12288K, 0% used [0x0000000791600000,0x0000000791600000,0x0000000792200000)
 ParOldGen       total 83968K, used 12777K [0x00000006c1c00000, 0x00000006c6e00000, 0x000000076b400000)
  object space 83968K, 15% used [0x00000006c1c00000,0x00000006c287a488,0x00000006c6e00000)
 Metaspace       used 33554K, capacity 35422K, committed 35496K, reserved 1079296K
  class space    used 4452K, capacity 4831K, committed 4864K, reserved 1048576K
Event: 15.174 GC heap after
Heap after GC invocations=11 (full 2):
 PSYoungGen      total 424960K, used 0K [0x000000076b400000, 0x0000000792200000, 0x00000007c0000000)
  eden space 412160K, 0% used [0x000000076b400000,0x000000076b400000,0x0000000784680000)
  from space 12800K, 0% used [0x0000000784680000,0x0000000784680000,0x0000000785300000)
  to   space 12288K, 0% used [0x0000000791600000,0x0000000791600000,0x0000000792200000)
 ParOldGen       total 113664K, used 16207K [0x00000006c1c00000, 0x00000006c8b00000, 0x000000076b400000)
  object space 113664K, 14% used [0x00000006c1c00000,0x00000006c2bd3f40,0x00000006c8b00000)
 Metaspace       used 33554K, capacity 35422K, committed 35496K, reserved 1079296K
  class space    used 4452K, capacity 4831K, committed 4864K, reserved 1048576K
}
Event: 17.839 GC heap before
{Heap before GC invocations=12 (full 2):
 PSYoungGen      total 424960K, used 412160K [0x000000076b400000, 0x0000000792200000, 0x00000007c0000000)
  eden space 412160K, 100% used [0x000000076b400000,0x0000000784680000,0x0000000784680000)
  from space 12800K, 0% used [0x0000000784680000,0x0000000784680000,0x0000000785300000)
  to   space 12288K, 0% used [0x0000000791600000,0x0000000791600000,0x0000000792200000)
 ParOldGen       total 113664K, used 16207K [0x00000006c1c00000, 0x00000006c8b00000, 0x000000076b400000)
  object space 113664K, 14% used [0x00000006c1c00000,0x00000006c2bd3f40,0x00000006c8b00000)
 Metaspace       used 47515K, capacity 49758K, committed 50048K, reserved 1093632K
  class space    used 6314K, capacity 6740K, committed 6784K, reserved 1048576K
Event: 17.851 GC heap after
Heap after GC invocations=12 (full 2):
 PSYoungGen      total 601600K, used 12287K [0x000000076b400000, 0x0000000792200000, 0x00000007c0000000)
  eden space 589312K, 0% used [0x000000076b400000,0x000000076b400000,0x000000078f380000)
  from space 12288K, 99% used [0x0000000791600000,0x00000007921ffee0,0x0000000792200000)
  to   space 15872K, 0% used [0x0000000790300000,0x0000000790300000,0x0000000791280000)
 ParOldGen       total 113664K, used 22308K [0x00000006c1c00000, 0x00000006c8b00000, 0x000000076b400000)
  object space 113664K, 19% used [0x00000006c1c00000,0x00000006c31c93f8,0x00000006c8b00000)
 Metaspace       used 47515K, capacity 49758K, committed 50048K, reserved 1093632K
  class space    used 6314K, capacity 6740K, committed 6784K, reserved 1048576K
}
Event: 40.729 GC heap before
{Heap before GC invocations=13 (full 2):
 PSYoungGen      total 601600K, used 583771K [0x000000076b400000, 0x0000000792200000, 0x00000007c0000000)
  eden space 589312K, 96% used [0x000000076b400000,0x000000078e216f88,0x000000078f380000)
  from space 12288K, 99% used [0x0000000791600000,0x00000007921ffee0,0x0000000792200000)
  to   space 15872K, 0% used [0x0000000790300000,0x0000000790300000,0x0000000791280000)
 ParOldGen       total 113664K, used 22308K [0x00000006c1c00000, 0x00000006c8b00000, 0x000000076b400000)
  object space 113664K, 19% used [0x00000006c1c00000,0x00000006c31c93f8,0x00000006c8b00000)
 Metaspace       used 56085K, capacity 59032K, committed 59160K, reserved 1099776K
  class space    used 7500K, capacity 8055K, committed 8064K, reserved 1048576K
Event: 40.744 GC heap after
Heap after GC invocations=13 (full 2):
 PSYoungGen      total 621056K, used 15845K [0x000000076b400000, 0x00000007a0300000, 0x00000007c0000000)
  eden space 605184K, 0% used [0x000000076b400000,0x000000076b400000,0x0000000790300000)
  from space 15872K, 99% used [0x0000000790300000,0x0000000791279728,0x0000000791280000)
  to   space 22528K, 0% used [0x000000079ed00000,0x000000079ed00000,0x00000007a0300000)
 ParOldGen       total 113664K, used 34403K [0x00000006c1c00000, 0x00000006c8b00000, 0x000000076b400000)
  object space 113664K, 30% used [0x00000006c1c00000,0x00000006c3d98e10,0x00000006c8b00000)
 Metaspace       used 56085K, capacity 59032K, committed 59160K, reserved 1099776K
  class space    used 7500K, capacity 8055K, committed 8064K, reserved 1048576K
}
Event: 40.744 GC heap before
{Heap before GC invocations=14 (full 3):
 PSYoungGen      total 621056K, used 15845K [0x000000076b400000, 0x00000007a0300000, 0x00000007c0000000)
  eden space 605184K, 0% used [0x000000076b400000,0x000000076b400000,0x0000000790300000)
  from space 15872K, 99% used [0x0000000790300000,0x0000000791279728,0x0000000791280000)
  to   space 22528K, 0% used [0x000000079ed00000,0x000000079ed00000,0x00000007a0300000)
 ParOldGen       total 113664K, used 34403K [0x00000006c1c00000, 0x00000006c8b00000, 0x000000076b400000)
  object space 113664K, 30% used [0x00000006c1c00000,0x00000006c3d98e10,0x00000006c8b00000)
 Metaspace       used 56085K, capacity 59032K, committed 59160K, reserved 1099776K
  class space    used 7500K, capacity 8055K, committed 8064K, reserved 1048576K
Event: 40.894 GC heap after
Heap after GC invocations=14 (full 3):
 PSYoungGen      total 621056K, used 0K [0x000000076b400000, 0x00000007a0300000, 0x00000007c0000000)
  eden space 605184K, 0% used [0x000000076b400000,0x000000076b400000,0x0000000790300000)
  from space 15872K, 0% used [0x0000000790300000,0x0000000790300000,0x0000000791280000)
  to   space 22528K, 0% used [0x000000079ed00000,0x000000079ed00000,0x00000007a0300000)
 ParOldGen       total 162816K, used 39314K [0x00000006c1c00000, 0x00000006cbb00000, 0x000000076b400000)
  object space 162816K, 24% used [0x00000006c1c00000,0x00000006c4264b00,0x00000006cbb00000)
 Metaspace       used 56085K, capacity 59032K, committed 59160K, reserved 1099776K
  class space    used 7500K, capacity 8055K, committed 8064K, reserved 1048576K
}

Deoptimization events (0 events):
No events

Classes redefined (0 events):
No events

Internal exceptions (10 events):
Event: 30.667 Thread 0x0000000024df8800 Exception <a 'java/lang/reflect/InvocationTargetException'> (0x000000078a3f6278) thrown at [C:\re\workspace\8-2-build-windows-amd64-cygwin\jdk8u231\13620\hotspot\src\share\vm\runtime\reflection.cpp, line 1092]
Event: 35.664 Thread 0x0000000024df8800 Exception <a 'java/lang/NullPointerException'> (0x000000078a5254b0) thrown at [C:\re\workspace\8-2-build-windows-amd64-cygwin\jdk8u231\13620\hotspot\src\share\vm\interpreter\linkResolver.cpp, line 1185]
Event: 35.664 Thread 0x0000000024df8800 Exception <a 'java/lang/reflect/InvocationTargetException'> (0x000000078a525ab0) thrown at [C:\re\workspace\8-2-build-windows-amd64-cygwin\jdk8u231\13620\hotspot\src\share\vm\runtime\reflection.cpp, line 1092]
Event: 35.665 Thread 0x0000000024df8800 Exception <a 'java/lang/reflect/InvocationTargetException'> (0x000000078a588f28) thrown at [C:\re\workspace\8-2-build-windows-amd64-cygwin\jdk8u231\13620\hotspot\src\share\vm\runtime\reflection.cpp, line 1092]
Event: 35.665 Thread 0x0000000024df8800 Exception <a 'java/lang/reflect/InvocationTargetException'> (0x000000078a5893d8) thrown at [C:\re\workspace\8-2-build-windows-amd64-cygwin\jdk8u231\13620\hotspot\src\share\vm\runtime\reflection.cpp, line 1092]
Event: 40.665 Thread 0x0000000024df8800 Exception <a 'java/lang/NullPointerException'> (0x000000078bdbd818) thrown at [C:\re\workspace\8-2-build-windows-amd64-cygwin\jdk8u231\13620\hotspot\src\share\vm\interpreter\linkResolver.cpp, line 1185]
Event: 40.665 Thread 0x0000000024df8800 Exception <a 'java/lang/reflect/InvocationTargetException'> (0x000000078bdbde18) thrown at [C:\re\workspace\8-2-build-windows-amd64-cygwin\jdk8u231\13620\hotspot\src\share\vm\runtime\reflection.cpp, line 1092]
Event: 40.666 Thread 0x0000000024df8800 Exception <a 'java/lang/reflect/InvocationTargetException'> (0x000000078be1f0d0) thrown at [C:\re\workspace\8-2-build-windows-amd64-cygwin\jdk8u231\13620\hotspot\src\share\vm\runtime\reflection.cpp, line 1092]
Event: 40.666 Thread 0x0000000024df8800 Exception <a 'java/lang/reflect/InvocationTargetException'> (0x000000078be1f580) thrown at [C:\re\workspace\8-2-build-windows-amd64-cygwin\jdk8u231\13620\hotspot\src\share\vm\runtime\reflection.cpp, line 1092]
Event: 40.706 Thread 0x0000000024df5800 Exception <a 'java/lang/InterruptedException': sleep interrupted> (0x000000078b701e00) thrown at [C:\re\workspace\8-2-build-windows-amd64-cygwin\jdk8u231\13620\hotspot\src\share\vm\prims\jvm.cpp, line 3336]

Events (10 events):
Event: 40.728 loading class com/google/common/collect/MapMakerInternalMap$InternalEntryHelper
Event: 40.728 loading class com/google/common/collect/MapMakerInternalMap$InternalEntryHelper done
Event: 40.728 Thread 0x0000000029c72800 DEOPT PACKING pc=0x00000000034af391 sp=0x000000002d70a4a0
Event: 40.728 Thread 0x0000000029c72800 DEOPT UNPACKING pc=0x00000000032b7890 sp=0x000000002d70a1f0 mode 1
Event: 40.728 Thread 0x0000000029c72800 DEOPT PACKING pc=0x0000000003484c04 sp=0x000000002d70a520
Event: 40.728 Thread 0x0000000029c72800 DEOPT UNPACKING pc=0x00000000032b7890 sp=0x000000002d70a340 mode 1
Event: 40.728 Thread 0x0000000029c72800 DEOPT PACKING pc=0x0000000003484b4c sp=0x000000002d70a6b0
Event: 40.728 Thread 0x0000000029c72800 DEOPT UNPACKING pc=0x00000000032b7890 sp=0x000000002d70a4d0 mode 1
Event: 40.729 Executing VM operation: CollectForMetadataAllocation
Event: 40.894 Executing VM operation: CollectForMetadataAllocation done


Dynamic libraries:
0x00007ff6f1d50000 - 0x00007ff6f1d87000 	C:\Program Files\Java\jdk1.8.0_231\bin\java.exe
0x00007ffd406e0000 - 0x00007ffd408cd000 	C:\Windows\SYSTEM32\ntdll.dll
0x00007ffd3ff70000 - 0x00007ffd40023000 	C:\Windows\System32\KERNEL32.DLL
0x00007ffd3cca0000 - 0x00007ffd3cf33000 	C:\Windows\System32\KERNELBASE.dll
0x00007ffd3a660000 - 0x00007ffd3a6ec000 	C:\Windows\SYSTEM32\apphelp.dll
0x00007ffd0cb30000 - 0x00007ffd0cb8b000 	C:\Windows\SYSTEM32\AcGenral.DLL
0x00007ffd3fc80000 - 0x00007ffd3fd1e000 	C:\Windows\System32\msvcrt.dll
0x00007ffd3d900000 - 0x00007ffd3d99e000 	C:\Windows\System32\sechost.dll
0x00007ffd40580000 - 0x00007ffd406a2000 	C:\Windows\System32\RPCRT4.dll
0x00007ffd3e5d0000 - 0x00007ffd3e622000 	C:\Windows\System32\SHLWAPI.dll
0x00007ffd40250000 - 0x00007ffd4057c000 	C:\Windows\System32\combase.dll
0x00007ffd3d780000 - 0x00007ffd3d87a000 	C:\Windows\System32\ucrtbase.dll
0x00007ffd3d880000 - 0x00007ffd3d8fe000 	C:\Windows\System32\bcryptPrimitives.dll
0x00007ffd3e630000 - 0x00007ffd3e659000 	C:\Windows\System32\GDI32.dll
0x00007ffd3cab0000 - 0x00007ffd3cc49000 	C:\Windows\System32\gdi32full.dll
0x00007ffd3c9e0000 - 0x00007ffd3ca80000 	C:\Windows\System32\msvcp_win.dll
0x00007ffd3fdd0000 - 0x00007ffd3ff67000 	C:\Windows\System32\USER32.dll
0x00007ffd3d760000 - 0x00007ffd3d780000 	C:\Windows\System32\win32u.dll
0x00007ffd3da20000 - 0x00007ffd3db75000 	C:\Windows\System32\ole32.dll
0x00007ffd3fd20000 - 0x00007ffd3fdc3000 	C:\Windows\System32\advapi32.dll
0x00007ffd3e780000 - 0x00007ffd3fc74000 	C:\Windows\System32\SHELL32.dll
0x00007ffd3cc50000 - 0x00007ffd3cc9a000 	C:\Windows\System32\cfgmgr32.dll
0x00007ffd3dc50000 - 0x00007ffd3dcf8000 	C:\Windows\System32\shcore.dll
0x00007ffd3cf60000 - 0x00007ffd3d6ad000 	C:\Windows\System32\windows.storage.dll
0x00007ffd3c6d0000 - 0x00007ffd3c6f4000 	C:\Windows\System32\profapi.dll
0x00007ffd3c720000 - 0x00007ffd3c77d000 	C:\Windows\System32\powrprof.dll
0x00007ffd3c780000 - 0x00007ffd3c791000 	C:\Windows\System32\kernel.appcore.dll
0x00007ffd3cf40000 - 0x00007ffd3cf57000 	C:\Windows\System32\cryptsp.dll
0x00007ffd3c600000 - 0x00007ffd3c628000 	C:\Windows\SYSTEM32\USERENV.dll
0x00007ffd27240000 - 0x00007ffd2725b000 	C:\Windows\SYSTEM32\MPR.dll
0x00007ffd3c5d0000 - 0x00007ffd3c5ff000 	C:\Windows\SYSTEM32\SspiCli.dll
0x00007ffd3dd00000 - 0x00007ffd3dd2e000 	C:\Windows\System32\IMM32.DLL
0x00007ffd2d4f0000 - 0x00007ffd2d769000 	C:\Windows\WinSxS\amd64_microsoft.windows.common-controls_6595b64144ccf1df_6.0.17763.1039_none_de701650534c7021\COMCTL32.dll
0x0000000057bb0000 - 0x0000000057c82000 	C:\Program Files\Java\jdk1.8.0_231\jre\bin\msvcr100.dll
0x00000000561d0000 - 0x0000000056a76000 	C:\Program Files\Java\jdk1.8.0_231\jre\bin\server\jvm.dll
0x00007ffd3dbe0000 - 0x00007ffd3dbe8000 	C:\Windows\System32\PSAPI.DLL
0x00007ffd27ee0000 - 0x00007ffd27ee9000 	C:\Windows\SYSTEM32\WSOCK32.dll
0x00007ffd3e710000 - 0x00007ffd3e77d000 	C:\Windows\System32\WS2_32.dll
0x00007ffd33860000 - 0x00007ffd3386a000 	C:\Windows\SYSTEM32\VERSION.dll
0x00007ffd3a3f0000 - 0x00007ffd3a414000 	C:\Windows\SYSTEM32\WINMM.dll
0x00007ffd3a380000 - 0x00007ffd3a3ad000 	C:\Windows\SYSTEM32\WINMMBASE.dll
0x00007ffd37540000 - 0x00007ffd3754f000 	C:\Program Files\Java\jdk1.8.0_231\jre\bin\verify.dll
0x00007ffd34490000 - 0x00007ffd344b9000 	C:\Program Files\Java\jdk1.8.0_231\jre\bin\java.dll
0x00007ffd0c700000 - 0x00007ffd0c735000 	C:\Program Files\Java\jdk1.8.0_231\jre\bin\jdwp.dll
0x00007ffd307b0000 - 0x00007ffd307b8000 	C:\Program Files\Java\jdk1.8.0_231\jre\bin\npt.dll
0x00007ffd088b0000 - 0x00007ffd088d3000 	C:\Program Files\Java\jdk1.8.0_231\jre\bin\instrument.dll
0x00007ffd342c0000 - 0x00007ffd342d6000 	C:\Program Files\Java\jdk1.8.0_231\jre\bin\zip.dll
0x00007ffd203e0000 - 0x00007ffd203e9000 	C:\Program Files\Java\jdk1.8.0_231\jre\bin\dt_socket.dll
0x00007ffd3bf40000 - 0x00007ffd3bfa7000 	C:\Windows\system32\mswsock.dll
0x00007ffd0d2e0000 - 0x00007ffd0d2fa000 	C:\Program Files\Java\jdk1.8.0_231\jre\bin\net.dll
0x00007ffd3bca0000 - 0x00007ffd3bd66000 	C:\Windows\SYSTEM32\DNSAPI.dll
0x00007ffd40030000 - 0x00007ffd40038000 	C:\Windows\System32\NSI.dll
0x00007ffd3bc60000 - 0x00007ffd3bc9d000 	C:\Windows\SYSTEM32\IPHLPAPI.DLL
0x00007ffd307a0000 - 0x00007ffd307aa000 	C:\Windows\System32\rasadhlp.dll
0x00007ffd2f4c0000 - 0x00007ffd2f539000 	C:\Windows\System32\fwpuclnt.dll
0x00007ffd3ca80000 - 0x00007ffd3caa6000 	C:\Windows\System32\bcrypt.dll
0x00007ffd146e0000 - 0x00007ffd146ed000 	C:\Program Files\Java\jdk1.8.0_231\jre\bin\management.dll
0x00007ffd09370000 - 0x00007ffd09382000 	C:\Program Files\Java\jdk1.8.0_231\jre\bin\nio.dll
0x00007ffd3bac0000 - 0x00007ffd3baf3000 	C:\Windows\system32\rsaenh.dll
0x00007ffd3c110000 - 0x00007ffd3c11c000 	C:\Windows\SYSTEM32\CRYPTBASE.dll
0x00007ffd31660000 - 0x00007ffd31676000 	C:\Windows\SYSTEM32\dhcpcsvc6.DLL
0x00007ffd31530000 - 0x00007ffd3154c000 	C:\Windows\SYSTEM32\dhcpcsvc.DLL
0x00007ffd210c0000 - 0x00007ffd210d6000 	C:\Windows\system32\napinsp.dll
0x00007ffd210a0000 - 0x00007ffd210ba000 	C:\Windows\system32\pnrpnsp.dll
0x00007ffd21040000 - 0x00007ffd2104e000 	C:\Windows\System32\winrnr.dll
0x00007ffd342e0000 - 0x00007ffd342fb000 	C:\Windows\system32\NLAapi.dll
0x00007ffd344c0000 - 0x00007ffd344d5000 	C:\Windows\system32\wshbth.dll
0x00007ffcdada0000 - 0x00007ffcdaee6000 	D:\Repositories\hotspot-admin-api\hotspot-accept\target\classes\HCNetSDK.DLL
0x0000000025ae0000 - 0x0000000026139000 	D:\Repositories\hotspot-admin-api\hotspot-accept\target\classes\HCCore.dll
0x00007ffcdac00000 - 0x00007ffcdad9a000 	C:\Program Files\Java\jdk1.8.0_231\jre\bin\awt.dll
0x00007ffd3e500000 - 0x00007ffd3e5c4000 	C:\Windows\System32\OLEAUT32.dll
0x00007ffd3a910000 - 0x00007ffd3a9ac000 	C:\Windows\system32\uxtheme.dll
0x00007ffd40060000 - 0x00007ffd401cc000 	C:\Windows\System32\MSCTF.dll
0x00007ffd3abf0000 - 0x00007ffd3ac1e000 	C:\Windows\system32\dwmapi.dll
0x00007ffd3c800000 - 0x00007ffd3c9dc000 	C:\Windows\System32\CRYPT32.dll
0x00007ffd3c700000 - 0x00007ffd3c712000 	C:\Windows\System32\MSASN1.dll
0x000000002c200000 - 0x000000002c39f000 	D:\Repositories\hotspot-admin-api\hotspot-accept\target\classes\libeay32.dll
0x0000000059da0000 - 0x0000000059e43000 	C:\Windows\WinSxS\amd64_microsoft.vc90.crt_1fc8b3b9a1e18e3b_9.0.30729.9518_none_08e07c8fa840efbe\MSVCR90.dll
0x0000000029210000 - 0x000000002926d000 	D:\Repositories\hotspot-admin-api\hotspot-accept\target\classes\ssleay32.dll
0x00007ffcda920000 - 0x00007ffcdabf5000 	D:\Repositories\hotspot-admin-api\hotspot-accept\target\classes\HCNetSDKCom\HCAlarm.dll
0x000000002c5a0000 - 0x000000002c8f4000 	D:\Repositories\hotspot-admin-api\hotspot-accept\target\classes\HCNetSDKCom\HCCoreDevCfg.dll
0x00007ffcd65a0000 - 0x00007ffcd6881000 	D:\Repositories\hotspot-admin-api\hotspot-accept\target\classes\HCNetSDKCom\HCVoiceTalk.dll
0x00007ffcc2a80000 - 0x00007ffcc2e79000 	D:\Repositories\hotspot-admin-api\hotspot-accept\target\classes\HCNetSDKCom\HCGeneralCfgMgr.dll
0x00007ffcc3260000 - 0x00007ffcc351c000 	D:\Repositories\hotspot-admin-api\hotspot-accept\target\classes\HCNetSDKCom\HCPlayBack.dll
0x00007ffcc2700000 - 0x00007ffcc2a76000 	D:\Repositories\hotspot-admin-api\hotspot-accept\target\classes\HCNetSDKCom\HCIndustry.dll
0x00007ffcc23e0000 - 0x00007ffcc26f2000 	D:\Repositories\hotspot-admin-api\hotspot-accept\target\classes\HCNetSDKCom\HCDisplay.dll
0x00007ffcc20d0000 - 0x00007ffcc23d3000 	D:\Repositories\hotspot-admin-api\hotspot-accept\target\classes\HCNetSDKCom\HCPreview.dll
0x00007ffd3b070000 - 0x00007ffd3b25d000 	C:\Windows\SYSTEM32\dbghelp.dll

VM Arguments:
jvm_args: -agentlib:jdwp=transport=dt_socket,address=127.0.0.1:58494,suspend=y,server=n -XX:TieredStopAtLevel=1 -Xverify:none -Dspring.output.ansi.enabled=always -Dcom.sun.management.jmxremote -Dspring.jmx.enabled=true -Dspring.liveBeansView.mbeanDomain -Dspring.application.admin.enabled=true -javaagent:C:\Users\zcyne\.IntelliJIdea2019.1\system\captureAgent\debugger-agent.jar -Dfile.encoding=UTF-8 
java_command: com.jsc.hotspot.accept.HotspotAcceptApplication
java_class_path (initial): C:\Users\zcyne\AppData\Local\Temp\classpath1370698597.jar;C:\Users\zcyne\.IntelliJIdea2019.1\system\captureAgent\debugger-agent.jar
Launcher Type: SUN_STANDARD

Environment Variables:
JAVA_HOME=C:\Program Files\Java\jdk1.8.0_231
PATH=D:\Software\Xftp\;D:\Software\XShell\;C:\Program Files (x86)\Common Files\Oracle\Java\javapath;C:\Windows\system32;C:\Windows;C:\Windows\System32\Wbem;C:\Windows\System32\WindowsPowerShell\v1.0\;C:\Windows\System32\OpenSSH\;C:\Program Files\Intel\WiFi\bin\;C:\Program Files\Common Files\Intel\WirelessCommon\;C:\Program Files (x86)\NVIDIA Corporation\PhysX\Common;C:\Program Files\NVIDIA Corporation\NVIDIA NvDLISR;C:\Program Files\dotnet\;C:\Program Files\Microsoft SQL Server\130\Tools\Binn\;C:\Program Files\nodejs\;D:\Web\Maven\apache-maven-3.6.1\bin;C:\Program Files\Java\jdk1.8.0_231\bin;C:\Program Files\Microsoft SQL Server\Client SDK\ODBC\130\Tools\Binn\;C:\Program Files (x86)\Microsoft SQL Server\140\Tools\Binn\;C:\Program Files\Microsoft SQL Server\140\Tools\Binn\;C:\Program Files\Microsoft SQL Server\140\DTS\Binn\;C:\Program Files\Git\cmd;D:\Software\apache-ant-1.10.7-bin\apache-ant-1.10.7\bin;C:\Program Files (x86)\Intel\Intel(R) Management Engine Components\DAL;C:\Program Files\Intel\Intel(R) Management Engine Components\DAL;D:\Software\Go\bin;C:\Program Files\Java\jre1.8.0_231\bin;C:\Users\zcyne\.windows-build-tools\python27\;C:\Users\zcyne\AppData\Local\Microsoft\WindowsApps;C:\Users\zcyne\AppData\Local\Programs\Microsoft VS Code\bin;C:\Users\zcyne\AppData\Roaming\npm;D:\Software\VSCode\Microsoft VS Code\bin;D:\Software\apache-ant-1.10.7-bin\apache-ant-1.10.7\bin;C:\Users\zcyne\go\bin
USERNAME=zcyne
OS=Windows_NT
PROCESSOR_IDENTIFIER=Intel64 Family 6 Model 142 Stepping 10, GenuineIntel



---------------  S Y S T E M  ---------------

OS: Windows 10.0 , 64 bit Build 17763 (10.0.17763.475)

CPU:total 8 (initial active 8) (4 cores per cpu, 2 threads per core) family 6 model 142 stepping 10, cmov, cx8, fxsr, mmx, sse, sse2, sse3, ssse3, sse4.1, sse4.2, popcnt, avx, avx2, aes, clmul, erms, 3dnowpref, lzcnt, ht, tsc, tscinvbit, bmi1, bmi2, adx

Memory: 4k page, physical 16658152k(6042852k free), swap 20358320k(2242212k free)

vm_info: Java HotSpot(TM) 64-Bit Server VM (25.231-b11) for windows-amd64 JRE (1.8.0_231-b11), built on Oct  5 2019 03:11:30 by "java_re" with MS VC++ 10.0 (VS2010)

time: Tue Mar 03 18:10:30 2020
timezone: 中国标准时间
elapsed time: 40 seconds (0d 0h 0m 40s)

