#
# There is insufficient memory for the Java Runtime Environment to continue.
# Native memory allocation (malloc) failed to allocate 32744 bytes for ChunkPool::allocate
# Possible reasons:
#   The system is out of physical RAM or swap space
#   The process is running with CompressedOops enabled, and the Java Heap may be blocking the growth of the native heap
# Possible solutions:
#   Reduce memory load on the system
#   Increase physical memory or swap space
#   Check if swap backing store is full
#   Decrease Java heap size (-Xmx/-Xms)
#   Decrease number of Java threads
#   Decrease Java thread stack sizes (-Xss)
#   Set larger code cache with -XX:ReservedCodeCacheSize=
#   JVM is running with Zero Based Compressed Oops mode in which the Java heap is
#     placed in the first 32GB address space. The Java Heap base address is the
#     maximum limit for the native heap growth. Please use -XX:HeapBaseMinAddress
#     to set the Java Heap base and to place the Java Heap above 32GB virtual address.
# This output file may be truncated or incomplete.
#
#  Out of Memory Error (allocation.cpp:272), pid=18400, tid=0x00000000000065d0
#
# JRE version: Java(TM) SE Runtime Environment (8.0_231-b11) (build 1.8.0_231-b11)
# Java VM: Java HotSpot(TM) 64-Bit Server VM (25.231-b11 mixed mode windows-amd64 compressed oops)
# Failed to write core dump. Minidumps are not enabled by default on client versions of Windows
#

---------------  T H R E A D  ---------------

Current thread (0x000000001ee50000):  JavaThread "C2 CompilerThread2" daemon [_thread_in_native, id=26064, stack(0x000000001f7b0000,0x000000001f8b0000)]

Stack: [0x000000001f7b0000,0x000000001f8b0000]
[error occurred during error reporting (printing stack bounds), id 0xc0000005]

Native frames: (J=compiled Java code, j=interpreted, Vv=VM code, C=native code)


Current CompileTask:
C2:   1908 1553   !   4       java.net.URLClassLoader$1::run (63 bytes)


---------------  P R O C E S S  ---------------

Java Threads: ( => current thread )
  0x000000001ee67000 JavaThread "Service Thread" daemon [_thread_blocked, id=23740, stack(0x000000001f9b0000,0x000000001fab0000)]
  0x000000001ee4b000 JavaThread "C1 CompilerThread3" daemon [_thread_blocked, id=24508, stack(0x000000001f8b0000,0x000000001f9b0000)]
=>0x000000001ee50000 JavaThread "C2 CompilerThread2" daemon [_thread_in_native, id=26064, stack(0x000000001f7b0000,0x000000001f8b0000)]
  0x000000001ee49000 JavaThread "C2 CompilerThread1" daemon [_thread_in_native, id=24108, stack(0x000000001f6b0000,0x000000001f7b0000)]
  0x000000001ede9000 JavaThread "C2 CompilerThread0" daemon [_thread_blocked, id=25104, stack(0x000000001f5b0000,0x000000001f6b0000)]
  0x000000001ede7000 JavaThread "Attach Listener" daemon [_thread_blocked, id=25288, stack(0x000000001f4b0000,0x000000001f5b0000)]
  0x000000001ee44000 JavaThread "Signal Dispatcher" daemon [_thread_blocked, id=8028, stack(0x000000001f3b0000,0x000000001f4b0000)]
  0x000000001edd0800 JavaThread "Finalizer" daemon [_thread_blocked, id=22008, stack(0x000000001f2b0000,0x000000001f3b0000)]
  0x000000001cfcd000 JavaThread "Reference Handler" daemon [_thread_blocked, id=9844, stack(0x000000001f1b0000,0x000000001f2b0000)]
  0x00000000034b2800 JavaThread "main" [_thread_in_native, id=8904, stack(0x00000000033b0000,0x00000000034b0000)]

Other Threads:
  0x000000001cfc9000 VMThread [stack: 0x000000001ecb0000,0x000000001edb0000] [id=6280]
  0x000000001ef04000 WatcherThread [stack: 0x000000001fab0000,0x000000001fbb0000] [id=24768]

VM state:not at safepoint (normal execution)

VM Mutex/Monitor currently owned by a thread: None

heap address: 0x00000006c1c00000, size: 4068 MB, Compressed Oops mode: Zero based, Oop shift amount: 3
Narrow klass base: 0x0000000000000000, Narrow klass shift: 3
Compressed class space size: 1073741824 Address: 0x00000007c0000000

Heap:
 PSYoungGen      total 76288K, used 50761K [0x000000076b400000, 0x0000000774900000, 0x00000007c0000000)
  eden space 65536K, 61% used [0x000000076b400000,0x000000076db98a90,0x000000076f400000)
  from space 10752K, 95% used [0x000000076f400000,0x000000076fdf9be8,0x000000076fe80000)
  to   space 10752K, 0% used [0x0000000773e80000,0x0000000773e80000,0x0000000774900000)
 ParOldGen       total 175104K, used 16K [0x00000006c1c00000, 0x00000006cc700000, 0x000000076b400000)
  object space 175104K, 0% used [0x00000006c1c00000,0x00000006c1c04000,0x00000006cc700000)
 Metaspace       used 15594K, capacity 15942K, committed 16128K, reserved 1062912K
  class space    used 1913K, capacity 2015K, committed 2048K, reserved 1048576K

Card table byte_map: [0x0000000012970000,0x0000000013170000] byte_map_base: 0x000000000f362000

Marking Bits: (ParMarkBitMap*) 0x0000000056ad6d90
 Begin Bits: [0x0000000013ec0000, 0x0000000017e50000)
 End Bits:   [0x0000000017e50000, 0x000000001bde0000)

Polling page: 0x0000000001390000

CodeCache: size=245760Kb used=6722Kb max_used=6733Kb free=239037Kb
 bounds [0x00000000035b0000, 0x0000000003c50000, 0x00000000125b0000]
 total_blobs=2358 nmethods=1998 adapters=272
 compilation: enabled

Compilation events (10 events):
Event: 1.893 Thread 0x000000001ee4b000 1999       1       java.lang.StringCoding$StringEncoder::requestedCharsetName (5 bytes)
Event: 1.894 Thread 0x000000001ee4b000 nmethod 1999 0x0000000003c3de90 code [0x0000000003c3dfe0, 0x0000000003c3e0f0]
Event: 1.894 Thread 0x000000001ee4b000 2001       3       java.lang.Integer::reverseBytes (26 bytes)
Event: 1.894 Thread 0x000000001ee4b000 nmethod 2001 0x0000000003c3db50 code [0x0000000003c3dca0, 0x0000000003c3ddf0]
Event: 1.895 Thread 0x000000001ede9000 nmethod 1721 0x0000000003c45bd0 code [0x0000000003c45d20, 0x0000000003c46098]
Event: 1.895 Thread 0x000000001ede9000 1998       4       java.util.Hashtable::addEntry (87 bytes)
Event: 1.895 Thread 0x000000001ee4b000 2002       3       java.io.WinNTFileSystem::normalize (143 bytes)
Event: 1.896 Thread 0x000000001ee4b000 nmethod 2002 0x0000000003c47350 code [0x0000000003c47540, 0x0000000003c47da8]
Event: 1.896 Thread 0x000000001ee4b000 2003       1       java.io.ExpiringCache$Entry::val (5 bytes)
Event: 1.896 Thread 0x000000001ee4b000 nmethod 2003 0x0000000003c45910 code [0x0000000003c45a60, 0x0000000003c45b70]

GC Heap History (2 events):
Event: 1.032 GC heap before
{Heap before GC invocations=1 (full 0):
 PSYoungGen      total 76288K, used 65536K [0x000000076b400000, 0x0000000770900000, 0x00000007c0000000)
  eden space 65536K, 100% used [0x000000076b400000,0x000000076f400000,0x000000076f400000)
  from space 10752K, 0% used [0x000000076fe80000,0x000000076fe80000,0x0000000770900000)
  to   space 10752K, 0% used [0x000000076f400000,0x000000076f400000,0x000000076fe80000)
 ParOldGen       total 175104K, used 0K [0x00000006c1c00000, 0x00000006cc700000, 0x000000076b400000)
  object space 175104K, 0% used [0x00000006c1c00000,0x00000006c1c00000,0x00000006cc700000)
 Metaspace       used 11452K, capacity 11700K, committed 11776K, reserved 1058816K
  class space    used 1416K, capacity 1512K, committed 1536K, reserved 1048576K
Event: 1.044 GC heap after
Heap after GC invocations=1 (full 0):
 PSYoungGen      total 76288K, used 10214K [0x000000076b400000, 0x0000000774900000, 0x00000007c0000000)
  eden space 65536K, 0% used [0x000000076b400000,0x000000076b400000,0x000000076f400000)
  from space 10752K, 95% used [0x000000076f400000,0x000000076fdf9be8,0x000000076fe80000)
  to   space 10752K, 0% used [0x0000000773e80000,0x0000000773e80000,0x0000000774900000)
 ParOldGen       total 175104K, used 16K [0x00000006c1c00000, 0x00000006cc700000, 0x000000076b400000)
  object space 175104K, 0% used [0x00000006c1c00000,0x00000006c1c04000,0x00000006cc700000)
 Metaspace       used 11452K, capacity 11700K, committed 11776K, reserved 1058816K
  class space    used 1416K, capacity 1512K, committed 1536K, reserved 1048576K
}

Deoptimization events (10 events):
Event: 1.562 Thread 0x00000000034b2800 Uncommon trap: reason=unstable_if action=reinterpret pc=0x0000000003761580 method=java.lang.String.replace(CC)Ljava/lang/String; @ 2
Event: 1.570 Thread 0x00000000034b2800 Uncommon trap: reason=unstable_if action=reinterpret pc=0x0000000003ac37ec method=org.codehaus.plexus.util.xml.pull.MXParser.isS(C)Z @ 21
Event: 1.572 Thread 0x00000000034b2800 Uncommon trap: reason=unstable_if action=reinterpret pc=0x000000000381bec4 method=sun.nio.cs.UTF_8$Decoder.decode([BII[C)I @ 30
Event: 1.573 Thread 0x00000000034b2800 Uncommon trap: reason=unstable_if action=reinterpret pc=0x0000000003864404 method=sun.nio.cs.UTF_8$Decoder.decodeArrayLoop(Ljava/nio/ByteBuffer;Ljava/nio/CharBuffer;)Ljava/nio/charset/CoderResult; @ 84
Event: 1.672 Thread 0x00000000034b2800 Uncommon trap: reason=unstable_if action=reinterpret pc=0x000000000397a2a4 method=java.util.HashMap.hash(Ljava/lang/Object;)I @ 1
Event: 1.672 Thread 0x00000000034b2800 Uncommon trap: reason=unstable_if action=reinterpret pc=0x000000000389efe8 method=java.util.HashMap.hash(Ljava/lang/Object;)I @ 1
Event: 1.673 Thread 0x00000000034b2800 Uncommon trap: reason=unstable_if action=reinterpret pc=0x0000000003a4fab0 method=java.util.HashMap.hash(Ljava/lang/Object;)I @ 1
Event: 1.792 Thread 0x00000000034b2800 Uncommon trap: reason=unstable_if action=reinterpret pc=0x00000000038045c8 method=sun.nio.cs.UTF_8$Decoder.decode([BII[C)I @ 30
Event: 1.834 Thread 0x00000000034b2800 Uncommon trap: reason=unstable_if action=reinterpret pc=0x0000000003b5c0f4 method=sun.net.www.protocol.jar.Handler.parseURL(Ljava/net/URL;Ljava/lang/String;II)V @ 116
Event: 1.890 Thread 0x00000000034b2800 Uncommon trap: reason=unstable_if action=reinterpret pc=0x000000000397cd08 method=java.io.WinNTFileSystem.normalize(Ljava/lang/String;)Ljava/lang/String; @ 128

Classes redefined (0 events):
No events

Internal exceptions (10 events):
Event: 1.321 Thread 0x00000000034b2800 Exception <a 'java/lang/NoClassDefFoundError': javax/annotation/Priority> (0x000000076be95b90) thrown at [C:\re\workspace\8-2-build-windows-amd64-cygwin\jdk8u231\13620\hotspot\src\share\vm\classfile\systemDictionary.cpp, line 199]
Event: 1.474 Thread 0x00000000034b2800 Exception <a 'java/lang/NullPointerException'> (0x000000076c4a2160) thrown at [C:\re\workspace\8-2-build-windows-amd64-cygwin\jdk8u231\13620\hotspot\src\share\vm\interpreter\linkResolver.cpp, line 1185]
Event: 1.474 Thread 0x00000000034b2800 Exception <a 'java/lang/NullPointerException'> (0x000000076c4a2378) thrown at [C:\re\workspace\8-2-build-windows-amd64-cygwin\jdk8u231\13620\hotspot\src\share\vm\interpreter\linkResolver.cpp, line 1185]
Event: 1.474 Thread 0x00000000034b2800 Exception <a 'java/lang/NullPointerException'> (0x000000076c4a2590) thrown at [C:\re\workspace\8-2-build-windows-amd64-cygwin\jdk8u231\13620\hotspot\src\share\vm\interpreter\linkResolver.cpp, line 1185]
Event: 1.475 Thread 0x00000000034b2800 Exception <a 'java/lang/NullPointerException'> (0x000000076c4aae78) thrown at [C:\re\workspace\8-2-build-windows-amd64-cygwin\jdk8u231\13620\hotspot\src\share\vm\interpreter\linkResolver.cpp, line 1185]
Event: 1.475 Thread 0x00000000034b2800 Exception <a 'java/lang/NullPointerException'> (0x000000076c4ab090) thrown at [C:\re\workspace\8-2-build-windows-amd64-cygwin\jdk8u231\13620\hotspot\src\share\vm\interpreter\linkResolver.cpp, line 1185]
Event: 1.475 Thread 0x00000000034b2800 Exception <a 'java/lang/NullPointerException'> (0x000000076c4ab2a8) thrown at [C:\re\workspace\8-2-build-windows-amd64-cygwin\jdk8u231\13620\hotspot\src\share\vm\interpreter\linkResolver.cpp, line 1185]
Event: 1.672 Thread 0x00000000034b2800 Implicit null exception at 0x000000000397a095 to 0x000000000397a295
Event: 1.672 Thread 0x00000000034b2800 Implicit null exception at 0x000000000389ef6f to 0x000000000389efd9
Event: 1.673 Thread 0x00000000034b2800 Implicit null exception at 0x0000000003a4fa18 to 0x0000000003a4faa6

Events (10 events):
Event: 1.893 loading class sun/security/provider/ByteArrayAccess
Event: 1.893 loading class sun/security/provider/ByteArrayAccess done
Event: 1.895 loading class java/net/NetworkInterface
Event: 1.895 loading class java/net/NetworkInterface done
Event: 1.895 loading class java/net/NetworkInterface$1
Event: 1.895 loading class java/net/NetworkInterface$1 done
Event: 1.895 loading class java/net/InterfaceAddress
Event: 1.895 loading class java/net/InterfaceAddress done
Event: 1.895 loading class java/net/DefaultInterface
Event: 1.895 loading class java/net/DefaultInterface done


Dynamic libraries:
0x00007ff601110000 - 0x00007ff601147000 	C:\Program Files\Java\jdk1.8.0_231\bin\java.exe
0x00007ffd406e0000 - 0x00007ffd408cd000 	C:\Windows\SYSTEM32\ntdll.dll
0x00007ffd3ff70000 - 0x00007ffd40023000 	C:\Windows\System32\KERNEL32.DLL
0x00007ffd3cca0000 - 0x00007ffd3cf33000 	C:\Windows\System32\KERNELBASE.dll
0x00007ffd3a660000 - 0x00007ffd3a6ec000 	C:\Windows\SYSTEM32\apphelp.dll
0x00007ffcf7080000 - 0x00007ffcf70db000 	C:\Windows\SYSTEM32\AcGenral.DLL
0x00007ffd3fc80000 - 0x00007ffd3fd1e000 	C:\Windows\System32\msvcrt.dll
0x00007ffd3d900000 - 0x00007ffd3d99e000 	C:\Windows\System32\sechost.dll
0x00007ffd40580000 - 0x00007ffd406a2000 	C:\Windows\System32\RPCRT4.dll
0x00007ffd3e5d0000 - 0x00007ffd3e622000 	C:\Windows\System32\SHLWAPI.dll
0x00007ffd40250000 - 0x00007ffd4057c000 	C:\Windows\System32\combase.dll
0x00007ffd3d780000 - 0x00007ffd3d87a000 	C:\Windows\System32\ucrtbase.dll
0x00007ffd3d880000 - 0x00007ffd3d8fe000 	C:\Windows\System32\bcryptPrimitives.dll
0x00007ffd3e630000 - 0x00007ffd3e659000 	C:\Windows\System32\GDI32.dll
0x00007ffd3cab0000 - 0x00007ffd3cc49000 	C:\Windows\System32\gdi32full.dll
0x00007ffd3c9e0000 - 0x00007ffd3ca80000 	C:\Windows\System32\msvcp_win.dll
0x00007ffd3fdd0000 - 0x00007ffd3ff67000 	C:\Windows\System32\USER32.dll
0x00007ffd3d760000 - 0x00007ffd3d780000 	C:\Windows\System32\win32u.dll
0x00007ffd3da20000 - 0x00007ffd3db75000 	C:\Windows\System32\ole32.dll
0x00007ffd3fd20000 - 0x00007ffd3fdc3000 	C:\Windows\System32\advapi32.dll
0x00007ffd3e780000 - 0x00007ffd3fc74000 	C:\Windows\System32\SHELL32.dll
0x00007ffd3cc50000 - 0x00007ffd3cc9a000 	C:\Windows\System32\cfgmgr32.dll
0x00007ffd3dc50000 - 0x00007ffd3dcf8000 	C:\Windows\System32\shcore.dll
0x00007ffd3cf60000 - 0x00007ffd3d6ad000 	C:\Windows\System32\windows.storage.dll
0x00007ffd3c6d0000 - 0x00007ffd3c6f4000 	C:\Windows\System32\profapi.dll
0x00007ffd3c720000 - 0x00007ffd3c77d000 	C:\Windows\System32\powrprof.dll
0x00007ffd3c780000 - 0x00007ffd3c791000 	C:\Windows\System32\kernel.appcore.dll
0x00007ffd3cf40000 - 0x00007ffd3cf57000 	C:\Windows\System32\cryptsp.dll
0x00007ffd3c600000 - 0x00007ffd3c628000 	C:\Windows\SYSTEM32\USERENV.dll
0x00007ffd27240000 - 0x00007ffd2725b000 	C:\Windows\SYSTEM32\MPR.dll
0x00007ffd3c5d0000 - 0x00007ffd3c5ff000 	C:\Windows\SYSTEM32\SspiCli.dll
0x00007ffd3dd00000 - 0x00007ffd3dd2e000 	C:\Windows\System32\IMM32.DLL
0x00007ffd2d4f0000 - 0x00007ffd2d769000 	C:\Windows\WinSxS\amd64_microsoft.windows.common-controls_6595b64144ccf1df_6.0.17763.1039_none_de701650534c7021\COMCTL32.dll
0x0000000057b70000 - 0x0000000057c42000 	C:\Program Files\Java\jdk1.8.0_231\jre\bin\msvcr100.dll
0x00000000562b0000 - 0x0000000056b56000 	C:\Program Files\Java\jdk1.8.0_231\jre\bin\server\jvm.dll
0x00007ffd3dbe0000 - 0x00007ffd3dbe8000 	C:\Windows\System32\PSAPI.DLL
0x00007ffd3a3f0000 - 0x00007ffd3a414000 	C:\Windows\SYSTEM32\WINMM.dll
0x00007ffd27ee0000 - 0x00007ffd27ee9000 	C:\Windows\SYSTEM32\WSOCK32.dll
0x00007ffd33860000 - 0x00007ffd3386a000 	C:\Windows\SYSTEM32\VERSION.dll
0x00007ffd3e710000 - 0x00007ffd3e77d000 	C:\Windows\System32\WS2_32.dll
0x00007ffd3a380000 - 0x00007ffd3a3ad000 	C:\Windows\SYSTEM32\winmmbase.dll
0x00007ffd203e0000 - 0x00007ffd203ef000 	C:\Program Files\Java\jdk1.8.0_231\jre\bin\verify.dll
0x00007ffd090d0000 - 0x00007ffd090f9000 	C:\Program Files\Java\jdk1.8.0_231\jre\bin\java.dll
0x00007ffd0d2e0000 - 0x00007ffd0d2f6000 	C:\Program Files\Java\jdk1.8.0_231\jre\bin\zip.dll
0x00007ffd38f30000 - 0x00007ffd38f3a000 	D:\Web\Maven\apache-maven-3.6.1\lib\jansi-native\windows64\jansi.dll
0x00007ffd02df0000 - 0x00007ffd02e0a000 	C:\Program Files\Java\jdk1.8.0_231\jre\bin\net.dll
0x00007ffd3bf40000 - 0x00007ffd3bfa7000 	C:\Windows\system32\mswsock.dll
0x00007ffcfd4a0000 - 0x00007ffcfd4b2000 	C:\Program Files\Java\jdk1.8.0_231\jre\bin\nio.dll
0x00007ffd3bac0000 - 0x00007ffd3baf3000 	C:\Windows\system32\rsaenh.dll
0x00007ffd3ca80000 - 0x00007ffd3caa6000 	C:\Windows\System32\bcrypt.dll
0x00007ffd3c110000 - 0x00007ffd3c11c000 	C:\Windows\SYSTEM32\CRYPTBASE.dll
0x00007ffd3bc60000 - 0x00007ffd3bc9d000 	C:\Windows\SYSTEM32\IPHLPAPI.DLL
0x00007ffd40030000 - 0x00007ffd40038000 	C:\Windows\System32\NSI.dll
0x00007ffd31660000 - 0x00007ffd31676000 	C:\Windows\SYSTEM32\dhcpcsvc6.DLL
0x00007ffd31530000 - 0x00007ffd3154c000 	C:\Windows\SYSTEM32\dhcpcsvc.DLL
0x00007ffd3bca0000 - 0x00007ffd3bd66000 	C:\Windows\SYSTEM32\DNSAPI.dll

VM Arguments:
jvm_args: -Dclassworlds.conf=D:\Web\Maven\apache-maven-3.6.1\bin\..\bin\m2.conf -Dmaven.home=D:\Web\Maven\apache-maven-3.6.1\bin\.. -Dlibrary.jansi.path=D:\Web\Maven\apache-maven-3.6.1\bin\..\lib\jansi-native -Dmaven.multiModuleProjectDirectory=D:\Repositories\hotspot-admin-api\hotspot-accept 
java_command: org.codehaus.plexus.classworlds.launcher.Launcher install:install-file -Dfile=examples.jar -DgroupId=com.sun.jna -DartifactId=examples -Dversion=1.0 -Dpackaging=jar
java_class_path (initial): D:\Web\Maven\apache-maven-3.6.1\bin\..\boot\plexus-classworlds-2.6.0.jar
Launcher Type: SUN_STANDARD

Environment Variables:
JAVA_HOME=C:\Program Files\Java\jdk1.8.0_231
PATH=D:\Software\Xftp\;D:\Software\XShell\;C:\Program Files (x86)\Common Files\Oracle\Java\javapath;C:\Windows\system32;C:\Windows;C:\Windows\System32\Wbem;C:\Windows\System32\WindowsPowerShell\v1.0\;C:\Windows\System32\OpenSSH\;C:\Program Files\Intel\WiFi\bin\;C:\Program Files\Common Files\Intel\WirelessCommon\;C:\Program Files (x86)\NVIDIA Corporation\PhysX\Common;C:\Program Files\NVIDIA Corporation\NVIDIA NvDLISR;C:\Program Files\dotnet\;C:\Program Files\Microsoft SQL Server\130\Tools\Binn\;C:\Program Files\nodejs\;D:\Web\Maven\apache-maven-3.6.1\bin;C:\Program Files\Java\jdk1.8.0_231\bin;C:\Program Files\Microsoft SQL Server\Client SDK\ODBC\130\Tools\Binn\;C:\Program Files (x86)\Microsoft SQL Server\140\Tools\Binn\;C:\Program Files\Microsoft SQL Server\140\Tools\Binn\;C:\Program Files\Microsoft SQL Server\140\DTS\Binn\;C:\Program Files\Git\cmd;D:\Software\apache-ant-1.10.7-bin\apache-ant-1.10.7\bin;C:\Program Files (x86)\Intel\Intel(R) Management Engine Components\DAL;C:\Program Files\Intel\Intel(R) Management Engine Components\DAL;D:\Software\Go\bin;C:\Program Files\Java\jre1.8.0_231\bin;C:\Users\zcyne\.windows-build-tools\python27\;C:\Users\zcyne\AppData\Local\Microsoft\WindowsApps;C:\Users\zcyne\AppData\Local\Programs\Microsoft VS Code\bin;C:\Users\zcyne\AppData\Roaming\npm;D:\Software\VSCode\Microsoft VS Code\bin;D:\Software\apache-ant-1.10.7-bin\apache-ant-1.10.7\bin;C:\Users\zcyne\go\bin
USERNAME=zcyne
OS=Windows_NT
PROCESSOR_IDENTIFIER=Intel64 Family 6 Model 142 Stepping 10, GenuineIntel



---------------  S Y S T E M  ---------------

OS: Windows 10.0 , 64 bit Build 17763 (10.0.17763.475)

CPU:total 8 (initial active 8) (4 cores per cpu, 2 threads per core) family 6 model 142 stepping 10, cmov, cx8, fxsr, mmx, sse, sse2, sse3, ssse3, sse4.1, sse4.2, popcnt, avx, avx2, aes, clmul, erms, 3dnowpref, lzcnt, ht, tsc, tscinvbit, bmi1, bmi2, adx

Memory: 4k page, physical 16658152k(5481664k free), swap 20417276k(5100k free)

vm_info: Java HotSpot(TM) 64-Bit Server VM (25.231-b11) for windows-amd64 JRE (1.8.0_231-b11), built on Oct  5 2019 03:11:30 by "java_re" with MS VC++ 10.0 (VS2010)

time: Tue Mar 03 16:34:37 2020
timezone: 中国标准时间
elapsed time: 1 seconds (0d 0h 0m 1s)

